<?xml version="1.0" encoding="utf-8"?>
<CoverageSession xmlns:xsd="http://www.w3.org/2001/XMLSchema" xmlns:xsi="http://www.w3.org/2001/XMLSchema-instance">
  <Summary numSequencePoints="1690" visitedSequencePoints="646" numBranchPoints="675" visitedBranchPoints="224" sequenceCoverage="38.22" branchCoverage="33.19" maxCyclomaticComplexity="10" minCyclomaticComplexity="1" visitedClasses="53" numClasses="87" visitedMethods="145" numMethods="351" />
  <Modules>
    <Module skippedDueTo="Filter" hash="8C-EE-96-50-DC-F5-86-B6-94-CD-56-42-83-AA-50-4C-48-84-1B-D2">
      <ModulePath>C:\Windows\Microsoft.Net\assembly\GAC_64\mscorlib\v4.0_4.0.0.0__b77a5c561934e089\mscorlib.dll</ModulePath>
      <ModuleTime>2016-11-30T06:27:46.5737994Z</ModuleTime>
      <ModuleName>mscorlib</ModuleName>
      <Classes />
    </Module>
    <Module skippedDueTo="Filter" hash="70-0A-8C-00-26-D7-8E-3A-41-3C-43-6D-01-3C-09-CC-C9-73-85-C0">
      <ModulePath>C:\Projects\WbTstr\wbtstr\Source\Packages\NUnit.ConsoleRunner.3.6.1\tools\nunit3-console.exe</ModulePath>
      <ModuleTime>2017-03-06T18:27:00Z</ModuleTime>
      <ModuleName>nunit3-console</ModuleName>
      <Classes />
    </Module>
    <Module skippedDueTo="Filter" hash="C5-35-6C-35-ED-11-F2-20-0B-94-95-47-77-C5-78-D2-61-D8-7B-76">
      <ModulePath>C:\Windows\Microsoft.Net\assembly\GAC_MSIL\System\v4.0_4.0.0.0__b77a5c561934e089\System.dll</ModulePath>
      <ModuleTime>2016-11-30T06:34:16Z</ModuleTime>
      <ModuleName>System</ModuleName>
      <Classes />
    </Module>
    <Module skippedDueTo="Filter" hash="90-A5-CB-F1-B1-A1-C2-DE-2A-BF-0B-6F-28-E9-82-CA-41-44-09-3A">
      <ModulePath>C:\Projects\WbTstr\wbtstr\Source\packages\NUnit.ConsoleRunner.3.6.1\tools\nunit.engine.api.dll</ModulePath>
      <ModuleTime>2017-03-06T18:27:00Z</ModuleTime>
      <ModuleName>nunit.engine.api</ModuleName>
      <Classes />
    </Module>
    <Module skippedDueTo="Filter" hash="96-DE-EF-3F-02-DC-0C-37-07-3E-B9-1D-D2-EF-F9-A2-D3-8E-11-00">
      <ModulePath>C:\Projects\WbTstr\wbtstr\Source\packages\NUnit.ConsoleRunner.3.6.1\tools\nunit.engine.dll</ModulePath>
      <ModuleTime>2017-03-06T18:27:00Z</ModuleTime>
      <ModuleName>nunit.engine</ModuleName>
      <Classes />
    </Module>
    <Module skippedDueTo="Filter" hash="96-DE-EF-3F-02-DC-0C-37-07-3E-B9-1D-D2-EF-F9-A2-D3-8E-11-00">
      <ModulePath>C:\Projects\WbTstr\wbtstr\Source\packages\NUnit.ConsoleRunner.3.6.1\tools\nunit.engine.dll</ModulePath>
      <ModuleTime>2017-03-06T18:27:00Z</ModuleTime>
      <ModuleName>nunit.engine</ModuleName>
      <Classes />
    </Module>
    <Module skippedDueTo="Filter" hash="1A-0D-72-44-61-32-2D-54-98-83-81-C0-BD-43-07-DA-2F-35-5E-35">
      <ModulePath>C:\Windows\Microsoft.Net\assembly\GAC_MSIL\System.Xml\v4.0_4.0.0.0__b77a5c561934e089\System.Xml.dll</ModulePath>
      <ModuleTime>2016-11-30T06:34:16Z</ModuleTime>
      <ModuleName>System.Xml</ModuleName>
      <Classes />
    </Module>
    <Module skippedDueTo="Filter" hash="CC-B1-6B-7E-07-79-C2-06-C2-F8-66-21-A6-0D-24-64-C3-8F-0B-D8">
      <ModulePath>C:\Windows\Microsoft.Net\assembly\GAC_64\System.Web\v4.0_4.0.0.0__b03f5f7f11d50a3a\System.Web.dll</ModulePath>
      <ModuleTime>2016-11-30T06:27:46.5894255Z</ModuleTime>
      <ModuleName>System.Web</ModuleName>
      <Classes />
    </Module>
    <Module skippedDueTo="Filter" hash="8A-2E-8F-D6-9D-39-02-4A-2F-30-FC-06-42-F7-0F-A8-32-69-07-72">
      <ModulePath>C:\Projects\WbTstr\wbtstr\Source\packages\NUnit.ConsoleRunner.3.6.1\tools\Mono.Cecil.dll</ModulePath>
      <ModuleTime>2017-03-06T18:27:00Z</ModuleTime>
      <ModuleName>Mono.Cecil</ModuleName>
      <Classes />
    </Module>
    <Module skippedDueTo="Filter" hash="3F-13-FA-77-77-83-38-BD-C5-E4-6C-2B-34-36-8E-07-BF-E7-9F-CA">
      <ModulePath>C:\Windows\Microsoft.Net\assembly\GAC_MSIL\System.Runtime.Remoting\v4.0_4.0.0.0__b77a5c561934e089\System.Runtime.Remoting.dll</ModulePath>
      <ModuleTime>2016-11-30T06:34:16Z</ModuleTime>
      <ModuleName>System.Runtime.Remoting</ModuleName>
      <Classes />
    </Module>
    <Module skippedDueTo="Filter" hash="E6-43-68-4E-1F-39-56-94-26-B3-14-DF-37-27-49-5B-21-24-D7-42">
      <ModulePath>C:\Windows\Microsoft.Net\assembly\GAC_MSIL\System.Configuration\v4.0_4.0.0.0__b03f5f7f11d50a3a\System.Configuration.dll</ModulePath>
      <ModuleTime>2016-11-30T06:34:16Z</ModuleTime>
      <ModuleName>System.Configuration</ModuleName>
      <Classes />
    </Module>
    <Module skippedDueTo="Filter" hash="8C-EE-96-50-DC-F5-86-B6-94-CD-56-42-83-AA-50-4C-48-84-1B-D2">
      <ModulePath>C:\Windows\Microsoft.Net\assembly\GAC_64\mscorlib\v4.0_4.0.0.0__b77a5c561934e089\mscorlib.dll</ModulePath>
      <ModuleTime>2016-11-30T06:27:46.5737994Z</ModuleTime>
      <ModuleName>mscorlib</ModuleName>
      <Classes />
    </Module>
    <Module skippedDueTo="Filter" hash="8C-EE-96-50-DC-F5-86-B6-94-CD-56-42-83-AA-50-4C-48-84-1B-D2">
      <ModulePath>C:\Windows\Microsoft.Net\assembly\GAC_64\mscorlib\v4.0_4.0.0.0__b77a5c561934e089\mscorlib.dll</ModulePath>
      <ModuleTime>2016-11-30T06:27:46.5737994Z</ModuleTime>
      <ModuleName>mscorlib</ModuleName>
      <Classes />
    </Module>
    <Module skippedDueTo="Filter" hash="75-5F-1A-C1-0E-E6-C9-A3-EC-A1-F0-6E-89-B4-98-86-0B-A8-B2-AD">
      <ModulePath>C:\Projects\WbTstr\wbtstr\Source\packages\NUnit.ConsoleRunner.3.6.1\tools\nunit-agent.exe</ModulePath>
      <ModuleTime>2017-03-06T18:27:00Z</ModuleTime>
      <ModuleName>nunit-agent</ModuleName>
      <Classes />
    </Module>
    <Module skippedDueTo="Filter" hash="96-DE-EF-3F-02-DC-0C-37-07-3E-B9-1D-D2-EF-F9-A2-D3-8E-11-00">
      <ModulePath>C:\Projects\WbTstr\wbtstr\Source\packages\NUnit.ConsoleRunner.3.6.1\tools\nunit.engine.dll</ModulePath>
      <ModuleTime>2017-03-06T18:27:00Z</ModuleTime>
      <ModuleName>nunit.engine</ModuleName>
      <Classes />
    </Module>
    <Module skippedDueTo="Filter" hash="96-DE-EF-3F-02-DC-0C-37-07-3E-B9-1D-D2-EF-F9-A2-D3-8E-11-00">
      <ModulePath>C:\Projects\WbTstr\wbtstr\Source\packages\NUnit.ConsoleRunner.3.6.1\tools\nunit.engine.dll</ModulePath>
      <ModuleTime>2017-03-06T18:27:00Z</ModuleTime>
      <ModuleName>nunit.engine</ModuleName>
      <Classes />
    </Module>
    <Module skippedDueTo="Filter" hash="90-A5-CB-F1-B1-A1-C2-DE-2A-BF-0B-6F-28-E9-82-CA-41-44-09-3A">
      <ModulePath>C:\Projects\WbTstr\wbtstr\Source\packages\NUnit.ConsoleRunner.3.6.1\tools\nunit.engine.api.dll</ModulePath>
      <ModuleTime>2017-03-06T18:27:00Z</ModuleTime>
      <ModuleName>nunit.engine.api</ModuleName>
      <Classes />
    </Module>
    <Module skippedDueTo="Filter" hash="90-A5-CB-F1-B1-A1-C2-DE-2A-BF-0B-6F-28-E9-82-CA-41-44-09-3A">
      <ModulePath>C:\Projects\WbTstr\wbtstr\Source\packages\NUnit.ConsoleRunner.3.6.1\tools\nunit.engine.api.dll</ModulePath>
      <ModuleTime>2017-03-06T18:27:00Z</ModuleTime>
      <ModuleName>nunit.engine.api</ModuleName>
      <Classes />
    </Module>
    <Module skippedDueTo="Filter" hash="C5-35-6C-35-ED-11-F2-20-0B-94-95-47-77-C5-78-D2-61-D8-7B-76">
      <ModulePath>C:\Windows\Microsoft.Net\assembly\GAC_MSIL\System\v4.0_4.0.0.0__b77a5c561934e089\System.dll</ModulePath>
      <ModuleTime>2016-11-30T06:34:16Z</ModuleTime>
      <ModuleName>System</ModuleName>
      <Classes />
    </Module>
    <Module skippedDueTo="Filter" hash="C5-35-6C-35-ED-11-F2-20-0B-94-95-47-77-C5-78-D2-61-D8-7B-76">
      <ModulePath>C:\Windows\Microsoft.Net\assembly\GAC_MSIL\System\v4.0_4.0.0.0__b77a5c561934e089\System.dll</ModulePath>
      <ModuleTime>2016-11-30T06:34:16Z</ModuleTime>
      <ModuleName>System</ModuleName>
      <Classes />
    </Module>
    <Module skippedDueTo="Filter" hash="3F-13-FA-77-77-83-38-BD-C5-E4-6C-2B-34-36-8E-07-BF-E7-9F-CA">
      <ModulePath>C:\Windows\Microsoft.Net\assembly\GAC_MSIL\System.Runtime.Remoting\v4.0_4.0.0.0__b77a5c561934e089\System.Runtime.Remoting.dll</ModulePath>
      <ModuleTime>2016-11-30T06:34:16Z</ModuleTime>
      <ModuleName>System.Runtime.Remoting</ModuleName>
      <Classes />
    </Module>
    <Module skippedDueTo="Filter" hash="3F-13-FA-77-77-83-38-BD-C5-E4-6C-2B-34-36-8E-07-BF-E7-9F-CA">
      <ModulePath>C:\Windows\Microsoft.Net\assembly\GAC_MSIL\System.Runtime.Remoting\v4.0_4.0.0.0__b77a5c561934e089\System.Runtime.Remoting.dll</ModulePath>
      <ModuleTime>2016-11-30T06:34:16Z</ModuleTime>
      <ModuleName>System.Runtime.Remoting</ModuleName>
      <Classes />
    </Module>
    <Module skippedDueTo="Filter" hash="1A-0D-72-44-61-32-2D-54-98-83-81-C0-BD-43-07-DA-2F-35-5E-35">
      <ModulePath>C:\Windows\Microsoft.Net\assembly\GAC_MSIL\System.Xml\v4.0_4.0.0.0__b77a5c561934e089\System.Xml.dll</ModulePath>
      <ModuleTime>2016-11-30T06:34:16Z</ModuleTime>
      <ModuleName>System.Xml</ModuleName>
      <Classes />
    </Module>
    <Module skippedDueTo="Filter" hash="CC-B1-6B-7E-07-79-C2-06-C2-F8-66-21-A6-0D-24-64-C3-8F-0B-D8">
      <ModulePath>C:\Windows\Microsoft.Net\assembly\GAC_64\System.Web\v4.0_4.0.0.0__b03f5f7f11d50a3a\System.Web.dll</ModulePath>
      <ModuleTime>2016-11-30T06:27:46.5894255Z</ModuleTime>
      <ModuleName>System.Web</ModuleName>
      <Classes />
    </Module>
    <Module skippedDueTo="Filter" hash="CC-B1-6B-7E-07-79-C2-06-C2-F8-66-21-A6-0D-24-64-C3-8F-0B-D8">
      <ModulePath>C:\Windows\Microsoft.Net\assembly\GAC_64\System.Web\v4.0_4.0.0.0__b03f5f7f11d50a3a\System.Web.dll</ModulePath>
      <ModuleTime>2016-11-30T06:27:46.5894255Z</ModuleTime>
      <ModuleName>System.Web</ModuleName>
      <Classes />
    </Module>
    <Module skippedDueTo="Filter" hash="8A-2E-8F-D6-9D-39-02-4A-2F-30-FC-06-42-F7-0F-A8-32-69-07-72">
      <ModulePath>C:\Projects\WbTstr\wbtstr\Source\packages\NUnit.ConsoleRunner.3.6.1\tools\Mono.Cecil.dll</ModulePath>
      <ModuleTime>2017-03-06T18:27:00Z</ModuleTime>
      <ModuleName>Mono.Cecil</ModuleName>
      <Classes />
    </Module>
    <Module skippedDueTo="Filter" hash="8A-2E-8F-D6-9D-39-02-4A-2F-30-FC-06-42-F7-0F-A8-32-69-07-72">
      <ModulePath>C:\Projects\WbTstr\wbtstr\Source\packages\NUnit.ConsoleRunner.3.6.1\tools\Mono.Cecil.dll</ModulePath>
      <ModuleTime>2017-03-06T18:27:00Z</ModuleTime>
      <ModuleName>Mono.Cecil</ModuleName>
      <Classes />
    </Module>
    <Module skippedDueTo="Filter" hash="E6-43-68-4E-1F-39-56-94-26-B3-14-DF-37-27-49-5B-21-24-D7-42">
      <ModulePath>C:\Windows\Microsoft.Net\assembly\GAC_MSIL\System.Configuration\v4.0_4.0.0.0__b03f5f7f11d50a3a\System.Configuration.dll</ModulePath>
      <ModuleTime>2016-11-30T06:34:16Z</ModuleTime>
      <ModuleName>System.Configuration</ModuleName>
      <Classes />
    </Module>
    <Module skippedDueTo="Filter" hash="6C-04-8C-57-BA-16-AC-9A-1E-6F-C5-9B-72-58-A4-91-04-FA-A5-1E">
      <ModulePath>C:\Projects\WbTstr\wbtstr\Source\WbTstr.IntegrationTests\bin\Debug\nunit.framework.dll</ModulePath>
      <ModuleTime>2017-02-25T09:53:22Z</ModuleTime>
      <ModuleName>nunit.framework</ModuleName>
      <Classes />
    </Module>
    <Module skippedDueTo="Filter" hash="C5-35-6C-35-ED-11-F2-20-0B-94-95-47-77-C5-78-D2-61-D8-7B-76">
      <ModulePath>C:\Windows\Microsoft.Net\assembly\GAC_MSIL\System\v4.0_4.0.0.0__b77a5c561934e089\System.dll</ModulePath>
      <ModuleTime>2016-11-30T06:34:16Z</ModuleTime>
      <ModuleName>System</ModuleName>
      <Classes />
    </Module>
    <Module skippedDueTo="Filter" hash="A7-F9-BF-41-B5-72-45-4F-52-02-E0-4C-69-41-02-0C-C5-61-6B-B2">
      <ModulePath>C:\Windows\Microsoft.Net\assembly\GAC_MSIL\System.Core\v4.0_4.0.0.0__b77a5c561934e089\System.Core.dll</ModulePath>
      <ModuleTime>2016-11-30T06:34:16Z</ModuleTime>
      <ModuleName>System.Core</ModuleName>
      <Classes />
    </Module>
    <Module skippedDueTo="Filter" hash="A7-F9-BF-41-B5-72-45-4F-52-02-E0-4C-69-41-02-0C-C5-61-6B-B2">
      <ModulePath>C:\Windows\Microsoft.Net\assembly\GAC_MSIL\System.Core\v4.0_4.0.0.0__b77a5c561934e089\System.Core.dll</ModulePath>
      <ModuleTime>2016-11-30T06:34:16Z</ModuleTime>
      <ModuleName>System.Core</ModuleName>
      <Classes />
    </Module>
    <Module skippedDueTo="Filter" hash="CC-B1-6B-7E-07-79-C2-06-C2-F8-66-21-A6-0D-24-64-C3-8F-0B-D8">
      <ModulePath>C:\Windows\Microsoft.Net\assembly\GAC_64\System.Web\v4.0_4.0.0.0__b03f5f7f11d50a3a\System.Web.dll</ModulePath>
      <ModuleTime>2016-11-30T06:27:46.5894255Z</ModuleTime>
      <ModuleName>System.Web</ModuleName>
      <Classes />
    </Module>
    <Module skippedDueTo="Filter" hash="CC-B1-6B-7E-07-79-C2-06-C2-F8-66-21-A6-0D-24-64-C3-8F-0B-D8">
      <ModulePath>C:\Windows\Microsoft.Net\assembly\GAC_64\System.Web\v4.0_4.0.0.0__b03f5f7f11d50a3a\System.Web.dll</ModulePath>
      <ModuleTime>2016-11-30T06:27:46.5894255Z</ModuleTime>
      <ModuleName>System.Web</ModuleName>
      <Classes />
    </Module>
    <Module hash="10-24-43-57-B8-1F-E8-EF-EB-39-A2-85-30-79-32-0A-E8-BE-BC-BA">
      <Summary numSequencePoints="15" visitedSequencePoints="15" numBranchPoints="1" visitedBranchPoints="1" sequenceCoverage="100" branchCoverage="100" maxCyclomaticComplexity="1" minCyclomaticComplexity="1" visitedClasses="1" numClasses="1" visitedMethods="1" numMethods="1" />
      <ModulePath>C:\Projects\WbTstr\wbtstr\Source\WbTstr.IntegrationTests\bin\Debug\WbTstr.IntegrationTests.dll</ModulePath>
      <ModuleTime>2017-04-14T12:25:08.093777Z</ModuleTime>
      <ModuleName>WbTstr.IntegrationTests</ModuleName>
      <Files>
        <File uid="1" fullPath="C:\Projects\WbTstr\wbtstr\Source\WbTstr.IntegrationTests\SimpleWbTstrFixture\SimpleFixtureTests.cs" />
      </Files>
      <Classes>
        <Class>
          <Summary numSequencePoints="0" visitedSequencePoints="0" numBranchPoints="0" visitedBranchPoints="0" sequenceCoverage="0" branchCoverage="0" maxCyclomaticComplexity="0" minCyclomaticComplexity="0" visitedClasses="0" numClasses="0" visitedMethods="0" numMethods="0" />
          <FullName>&lt;Module&gt;</FullName>
          <Methods />
        </Class>
        <Class>
          <Summary numSequencePoints="15" visitedSequencePoints="15" numBranchPoints="1" visitedBranchPoints="1" sequenceCoverage="100" branchCoverage="100" maxCyclomaticComplexity="1" minCyclomaticComplexity="1" visitedClasses="1" numClasses="1" visitedMethods="1" numMethods="1" />
          <FullName>WbTstr.IntegrationTests.Fixtures.DerivedFromSimpleFixture</FullName>
          <Methods>
            <Method visited="true" cyclomaticComplexity="1" nPathComplexity="0" sequenceCoverage="100" branchCoverage="100" isConstructor="false" isStatic="false" isGetter="false" isSetter="false">
              <Summary numSequencePoints="15" visitedSequencePoints="15" numBranchPoints="1" visitedBranchPoints="1" sequenceCoverage="100" branchCoverage="100" maxCyclomaticComplexity="1" minCyclomaticComplexity="1" visitedClasses="0" numClasses="0" visitedMethods="1" numMethods="1" />
              <MetadataToken>100663297</MetadataToken>
              <Name>System.Void WbTstr.IntegrationTests.Fixtures.DerivedFromSimpleFixture::TestMethod()</Name>
              <FileRef uid="1" />
              <SequencePoints>
                <SequencePoint vc="1" uspid="1" ordinal="0" offset="0" sl="16" sc="9" el="16" ec="10" bec="0" bev="0" fileid="1" />
                <SequencePoint vc="1" uspid="3" ordinal="1" offset="1" sl="22" sc="13" el="35" ec="35" bec="0" bev="0" fileid="1" />
                <SequencePoint vc="1" uspid="11" ordinal="2" offset="164" sl="37" sc="13" el="37" ec="58" bec="0" bev="0" fileid="1" />
                <SequencePoint vc="1" uspid="12" ordinal="3" offset="181" sl="38" sc="13" el="38" ec="43" bec="0" bev="0" fileid="1" />
                <SequencePoint vc="1" uspid="13" ordinal="4" offset="188" sl="40" sc="13" el="40" ec="79" bec="0" bev="0" fileid="1" />
                <SequencePoint vc="1" uspid="14" ordinal="5" offset="206" sl="41" sc="13" el="41" ec="90" bec="0" bev="0" fileid="1" />
                <SequencePoint vc="1" uspid="15" ordinal="6" offset="224" sl="42" sc="13" el="42" ec="106" bec="0" bev="0" fileid="1" />
                <SequencePoint vc="1" uspid="16" ordinal="7" offset="243" sl="43" sc="13" el="43" ec="100" bec="0" bev="0" fileid="1" />
                <SequencePoint vc="1" uspid="17" ordinal="8" offset="262" sl="46" sc="13" el="46" ec="70" bec="0" bev="0" fileid="1" />
                <SequencePoint vc="1" uspid="18" ordinal="9" offset="285" sl="47" sc="13" el="47" ec="48" bec="0" bev="0" fileid="1" />
                <SequencePoint vc="1" uspid="19" ordinal="10" offset="293" sl="48" sc="13" el="48" ec="43" bec="0" bev="0" fileid="1" />
                <SequencePoint vc="1" uspid="20" ordinal="11" offset="301" sl="50" sc="13" el="53" ec="15" bec="0" bev="0" fileid="1" />
                <SequencePoint vc="1" uspid="21" ordinal="12" offset="323" sl="55" sc="13" el="55" ec="64" bec="0" bev="0" fileid="1" />
                <SequencePoint vc="1" uspid="22" ordinal="13" offset="420" sl="56" sc="13" el="56" ec="60" bec="0" bev="0" fileid="1" />
                <SequencePoint vc="1" uspid="23" ordinal="14" offset="517" sl="57" sc="9" el="57" ec="10" bec="0" bev="0" fileid="1" />
              </SequencePoints>
              <BranchPoints />
              <MethodPoint xsi:type="SequencePoint" vc="1" uspid="1" ordinal="0" offset="0" sl="16" sc="9" el="16" ec="10" bec="0" bev="0" fileid="1" />
            </Method>
            <Method visited="true" cyclomaticComplexity="1" nPathComplexity="0" sequenceCoverage="0" branchCoverage="0" isConstructor="true" isStatic="false" isGetter="false" isSetter="false">
              <Summary numSequencePoints="0" visitedSequencePoints="0" numBranchPoints="0" visitedBranchPoints="0" sequenceCoverage="0" branchCoverage="0" maxCyclomaticComplexity="1" minCyclomaticComplexity="1" visitedClasses="0" numClasses="0" visitedMethods="0" numMethods="0" />
              <MetadataToken>100663298</MetadataToken>
              <Name>System.Void WbTstr.IntegrationTests.Fixtures.DerivedFromSimpleFixture::.ctor()</Name>
              <SequencePoints />
              <BranchPoints />
              <MethodPoint vc="1" uspid="32" ordinal="0" offset="0" />
            </Method>
          </Methods>
        </Class>
      </Classes>
    </Module>
    <Module hash="75-90-FB-E3-42-9D-F3-AD-AE-E0-CD-1F-BB-67-FC-43-16-77-18-67">
      <Summary numSequencePoints="105" visitedSequencePoints="104" numBranchPoints="32" visitedBranchPoints="32" sequenceCoverage="99.05" branchCoverage="100" maxCyclomaticComplexity="2" minCyclomaticComplexity="1" visitedClasses="18" numClasses="18" visitedMethods="32" numMethods="32" />
      <ModulePath>C:\Projects\WbTstr\wbtstr\Source\WbTstr.UnitTests\bin\Debug\WbTstr.UnitTests.dll</ModulePath>
      <ModuleTime>2017-04-14T12:25:08.0187738Z</ModuleTime>
      <ModuleName>WbTstr.UnitTests</ModuleName>
      <Files>
        <File uid="3" fullPath="C:\Projects\WbTstr\wbtstr\Source\WbTstr.UnitTests\_Auxiliaries\IgnoreExpections.cs" />
        <File uid="4" fullPath="C:\Projects\WbTstr\wbtstr\Source\WbTstr.UnitTests\Commands\AssertStateCommandTests.cs" />
        <File uid="13" fullPath="C:\Projects\WbTstr\wbtstr\Source\WbTstr.UnitTests\Commands\AssertStateExpCommandTests.cs" />
      </Files>
      <Classes>
        <Class>
          <Summary numSequencePoints="0" visitedSequencePoints="0" numBranchPoints="0" visitedBranchPoints="0" sequenceCoverage="0" branchCoverage="0" maxCyclomaticComplexity="0" minCyclomaticComplexity="0" visitedClasses="0" numClasses="0" visitedMethods="0" numMethods="0" />
          <FullName>&lt;Module&gt;</FullName>
          <Methods />
        </Class>
        <Class>
          <Summary numSequencePoints="8" visitedSequencePoints="7" numBranchPoints="1" visitedBranchPoints="1" sequenceCoverage="87.5" branchCoverage="100" maxCyclomaticComplexity="1" minCyclomaticComplexity="1" visitedClasses="1" numClasses="1" visitedMethods="1" numMethods="1" />
          <FullName>WbTstr.UnitTests._Auxiliaries.IgnoreExpections</FullName>
          <Methods>
            <Method visited="true" cyclomaticComplexity="1" nPathComplexity="0" sequenceCoverage="87.5" branchCoverage="100" isConstructor="false" isStatic="true" isGetter="false" isSetter="false">
              <Summary numSequencePoints="8" visitedSequencePoints="7" numBranchPoints="1" visitedBranchPoints="1" sequenceCoverage="87.5" branchCoverage="100" maxCyclomaticComplexity="1" minCyclomaticComplexity="1" visitedClasses="0" numClasses="0" visitedMethods="1" numMethods="1" />
              <MetadataToken>100663297</MetadataToken>
              <Name>System.Void WbTstr.UnitTests._Auxiliaries.IgnoreExpections::Run(System.Action)</Name>
              <FileRef uid="3" />
              <SequencePoints>
                <SequencePoint vc="4" uspid="2" ordinal="0" offset="0" sl="12" sc="9" el="12" ec="10" bec="0" bev="0" fileid="3" />
                <SequencePoint vc="4" uspid="4" ordinal="1" offset="1" sl="14" sc="13" el="14" ec="14" bec="0" bev="0" fileid="3" />
                <SequencePoint vc="4" uspid="5" ordinal="2" offset="2" sl="15" sc="17" el="15" ec="26" bec="0" bev="0" fileid="3" />
                <SequencePoint vc="0" uspid="6" ordinal="3" offset="9" sl="16" sc="13" el="16" ec="14" bec="0" bev="0" fileid="3" />
                <SequencePoint vc="4" uspid="7" ordinal="4" offset="12" sl="17" sc="13" el="17" ec="30" bec="0" bev="0" fileid="3" />
                <SequencePoint vc="4" uspid="8" ordinal="5" offset="13" sl="18" sc="13" el="18" ec="14" bec="0" bev="0" fileid="3" />
                <SequencePoint vc="4" uspid="9" ordinal="6" offset="14" sl="20" sc="13" el="20" ec="14" bec="0" bev="0" fileid="3" />
                <SequencePoint vc="4" uspid="10" ordinal="7" offset="17" sl="21" sc="9" el="21" ec="10" bec="0" bev="0" fileid="3" />
              </SequencePoints>
              <BranchPoints />
              <MethodPoint xsi:type="SequencePoint" vc="4" uspid="2" ordinal="0" offset="0" sl="12" sc="9" el="12" ec="10" bec="0" bev="0" fileid="3" />
            </Method>
          </Methods>
        </Class>
        <Class>
          <Summary numSequencePoints="44" visitedSequencePoints="44" numBranchPoints="9" visitedBranchPoints="9" sequenceCoverage="100" branchCoverage="100" maxCyclomaticComplexity="2" minCyclomaticComplexity="1" visitedClasses="1" numClasses="1" visitedMethods="9" numMethods="9" />
          <FullName>WbTstr.UnitTests.Commands.AssertStateCommandTests</FullName>
          <Methods>
            <Method visited="true" cyclomaticComplexity="1" nPathComplexity="0" sequenceCoverage="100" branchCoverage="100" isConstructor="false" isStatic="false" isGetter="false" isSetter="false">
              <Summary numSequencePoints="3" visitedSequencePoints="3" numBranchPoints="1" visitedBranchPoints="1" sequenceCoverage="100" branchCoverage="100" maxCyclomaticComplexity="1" minCyclomaticComplexity="1" visitedClasses="0" numClasses="0" visitedMethods="1" numMethods="1" />
              <MetadataToken>100663298</MetadataToken>
              <Name>System.Void WbTstr.UnitTests.Commands.AssertStateCommandTests::OneTimeSetUp()</Name>
              <FileRef uid="4" />
              <SequencePoints>
                <SequencePoint vc="8" uspid="24" ordinal="0" offset="0" sl="21" sc="9" el="21" ec="10" bec="0" bev="0" fileid="4" />
                <SequencePoint vc="8" uspid="25" ordinal="1" offset="1" sl="22" sc="13" el="22" ec="96" bec="0" bev="0" fileid="4" />
                <SequencePoint vc="8" uspid="26" ordinal="2" offset="18" sl="23" sc="9" el="23" ec="10" bec="0" bev="0" fileid="4" />
              </SequencePoints>
              <BranchPoints />
              <MethodPoint xsi:type="SequencePoint" vc="8" uspid="24" ordinal="0" offset="0" sl="21" sc="9" el="21" ec="10" bec="0" bev="0" fileid="4" />
            </Method>
            <Method visited="true" cyclomaticComplexity="1" nPathComplexity="0" sequenceCoverage="100" branchCoverage="100" isConstructor="false" isStatic="false" isGetter="false" isSetter="false">
              <Summary numSequencePoints="5" visitedSequencePoints="5" numBranchPoints="1" visitedBranchPoints="1" sequenceCoverage="100" branchCoverage="100" maxCyclomaticComplexity="1" minCyclomaticComplexity="1" visitedClasses="0" numClasses="0" visitedMethods="1" numMethods="1" />
              <MetadataToken>100663299</MetadataToken>
              <Name>System.Void WbTstr.UnitTests.Commands.AssertStateCommandTests::Constructor_UninitializedPropertyKey_ThrowsArgumentException()</Name>
              <FileRef uid="4" />
              <SequencePoints>
                <SequencePoint vc="1" uspid="27" ordinal="0" offset="6" sl="27" sc="9" el="27" ec="10" bec="0" bev="0" fileid="4" />
                <SequencePoint vc="1" uspid="28" ordinal="1" offset="7" sl="29" sc="13" el="29" ec="60" bec="0" bev="0" fileid="4" />
                <SequencePoint vc="1" uspid="29" ordinal="2" offset="14" sl="32" sc="13" el="32" ec="99" bec="0" bev="0" fileid="4" />
                <SequencePoint vc="1" uspid="30" ordinal="3" offset="27" sl="35" sc="13" el="35" ec="54" bec="0" bev="0" fileid="4" />
                <SequencePoint vc="1" uspid="31" ordinal="4" offset="34" sl="36" sc="9" el="36" ec="10" bec="0" bev="0" fileid="4" />
              </SequencePoints>
              <BranchPoints />
              <MethodPoint vc="1" uspid="33" ordinal="0" offset="0" />
            </Method>
            <Method visited="true" cyclomaticComplexity="1" nPathComplexity="0" sequenceCoverage="100" branchCoverage="100" isConstructor="false" isStatic="false" isGetter="false" isSetter="false">
              <Summary numSequencePoints="5" visitedSequencePoints="5" numBranchPoints="1" visitedBranchPoints="1" sequenceCoverage="100" branchCoverage="100" maxCyclomaticComplexity="1" minCyclomaticComplexity="1" visitedClasses="0" numClasses="0" visitedMethods="1" numMethods="1" />
              <MetadataToken>100663300</MetadataToken>
              <Name>System.Void WbTstr.UnitTests.Commands.AssertStateCommandTests::Constructor_UninitializedPropertyValue_ThrowsArgumentNullException()</Name>
              <FileRef uid="4" />
              <SequencePoints>
                <SequencePoint vc="1" uspid="34" ordinal="0" offset="6" sl="40" sc="9" el="40" ec="10" bec="0" bev="0" fileid="4" />
                <SequencePoint vc="1" uspid="35" ordinal="1" offset="7" sl="42" sc="13" el="42" ec="41" bec="0" bev="0" fileid="4" />
                <SequencePoint vc="1" uspid="36" ordinal="2" offset="14" sl="45" sc="13" el="45" ec="99" bec="0" bev="0" fileid="4" />
                <SequencePoint vc="1" uspid="37" ordinal="3" offset="27" sl="48" sc="13" el="48" ec="58" bec="0" bev="0" fileid="4" />
                <SequencePoint vc="1" uspid="38" ordinal="4" offset="34" sl="49" sc="9" el="49" ec="10" bec="0" bev="0" fileid="4" />
              </SequencePoints>
              <BranchPoints />
              <MethodPoint vc="1" uspid="39" ordinal="0" offset="0" />
            </Method>
            <Method visited="true" cyclomaticComplexity="1" nPathComplexity="0" sequenceCoverage="100" branchCoverage="100" isConstructor="false" isStatic="false" isGetter="false" isSetter="false">
              <Summary numSequencePoints="5" visitedSequencePoints="5" numBranchPoints="1" visitedBranchPoints="1" sequenceCoverage="100" branchCoverage="100" maxCyclomaticComplexity="1" minCyclomaticComplexity="1" visitedClasses="0" numClasses="0" visitedMethods="1" numMethods="1" />
              <MetadataToken>100663301</MetadataToken>
              <Name>System.Void WbTstr.UnitTests.Commands.AssertStateCommandTests::Constructor_EmptyPropertyValue_DoesNotThrow()</Name>
              <FileRef uid="4" />
              <SequencePoints>
                <SequencePoint vc="1" uspid="40" ordinal="0" offset="6" sl="53" sc="9" el="53" ec="10" bec="0" bev="0" fileid="4" />
                <SequencePoint vc="1" uspid="41" ordinal="1" offset="7" sl="55" sc="13" el="55" ec="49" bec="0" bev="0" fileid="4" />
                <SequencePoint vc="1" uspid="42" ordinal="2" offset="18" sl="58" sc="13" el="58" ec="99" bec="0" bev="0" fileid="4" />
                <SequencePoint vc="1" uspid="43" ordinal="3" offset="31" sl="61" sc="13" el="61" ec="41" bec="0" bev="0" fileid="4" />
                <SequencePoint vc="1" uspid="44" ordinal="4" offset="38" sl="62" sc="9" el="62" ec="10" bec="0" bev="0" fileid="4" />
              </SequencePoints>
              <BranchPoints />
              <MethodPoint vc="1" uspid="45" ordinal="0" offset="0" />
            </Method>
            <Method visited="true" cyclomaticComplexity="2" nPathComplexity="0" sequenceCoverage="100" branchCoverage="100" isConstructor="false" isStatic="false" isGetter="false" isSetter="false">
              <Summary numSequencePoints="4" visitedSequencePoints="4" numBranchPoints="1" visitedBranchPoints="1" sequenceCoverage="100" branchCoverage="100" maxCyclomaticComplexity="2" minCyclomaticComplexity="2" visitedClasses="0" numClasses="0" visitedMethods="1" numMethods="1" />
              <MetadataToken>100663302</MetadataToken>
              <Name>System.Void WbTstr.UnitTests.Commands.AssertStateCommandTests::Constructor_TypicalPropertyKeyValue_DoesNotThrow()</Name>
              <FileRef uid="4" />
              <SequencePoints>
                <SequencePoint vc="1" uspid="46" ordinal="0" offset="0" sl="66" sc="9" el="66" ec="10" bec="0" bev="0" fileid="4" />
                <SequencePoint vc="1" uspid="47" ordinal="1" offset="1" sl="70" sc="13" el="70" ec="106" bec="0" bev="0" fileid="4" />
                <SequencePoint vc="1" uspid="48" ordinal="2" offset="33" sl="73" sc="13" el="73" ec="41" bec="0" bev="0" fileid="4" />
                <SequencePoint vc="1" uspid="49" ordinal="3" offset="40" sl="74" sc="9" el="74" ec="10" bec="0" bev="0" fileid="4" />
              </SequencePoints>
              <BranchPoints />
              <MethodPoint xsi:type="SequencePoint" vc="1" uspid="46" ordinal="0" offset="0" sl="66" sc="9" el="66" ec="10" bec="0" bev="0" fileid="4" />
            </Method>
            <Method visited="true" cyclomaticComplexity="1" nPathComplexity="0" sequenceCoverage="100" branchCoverage="100" isConstructor="false" isStatic="false" isGetter="false" isSetter="false">
              <Summary numSequencePoints="5" visitedSequencePoints="5" numBranchPoints="1" visitedBranchPoints="1" sequenceCoverage="100" branchCoverage="100" maxCyclomaticComplexity="1" minCyclomaticComplexity="1" visitedClasses="0" numClasses="0" visitedMethods="1" numMethods="1" />
              <MetadataToken>100663303</MetadataToken>
              <Name>System.Void WbTstr.UnitTests.Commands.AssertStateCommandTests::Execute_UninitializedWebDriver_ThrowsArgumentNullException()</Name>
              <FileRef uid="4" />
              <SequencePoints>
                <SequencePoint vc="1" uspid="52" ordinal="0" offset="13" sl="78" sc="9" el="78" ec="10" bec="0" bev="0" fileid="4" />
                <SequencePoint vc="1" uspid="53" ordinal="1" offset="14" sl="80" sc="13" el="80" ec="40" bec="0" bev="0" fileid="4" />
                <SequencePoint vc="1" uspid="54" ordinal="2" offset="21" sl="83" sc="13" el="83" ec="79" bec="0" bev="0" fileid="4" />
                <SequencePoint vc="1" uspid="55" ordinal="3" offset="34" sl="86" sc="13" el="86" ec="58" bec="0" bev="0" fileid="4" />
                <SequencePoint vc="1" uspid="56" ordinal="4" offset="41" sl="87" sc="9" el="87" ec="10" bec="0" bev="0" fileid="4" />
              </SequencePoints>
              <BranchPoints />
              <MethodPoint vc="1" uspid="57" ordinal="0" offset="0" />
            </Method>
            <Method visited="true" cyclomaticComplexity="1" nPathComplexity="0" sequenceCoverage="100" branchCoverage="100" isConstructor="false" isStatic="false" isGetter="false" isSetter="false">
              <Summary numSequencePoints="5" visitedSequencePoints="5" numBranchPoints="1" visitedBranchPoints="1" sequenceCoverage="100" branchCoverage="100" maxCyclomaticComplexity="1" minCyclomaticComplexity="1" visitedClasses="0" numClasses="0" visitedMethods="1" numMethods="1" />
              <MetadataToken>100663304</MetadataToken>
              <Name>System.Void WbTstr.UnitTests.Commands.AssertStateCommandTests::Execute_DifferentThanWebDriverType_ThrowsArgumentException()</Name>
              <FileRef uid="4" />
              <SequencePoints>
                <SequencePoint vc="1" uspid="58" ordinal="0" offset="13" sl="91" sc="9" el="91" ec="10" bec="0" bev="0" fileid="4" />
                <SequencePoint vc="1" uspid="59" ordinal="1" offset="14" sl="93" sc="13" el="93" ec="60" bec="0" bev="0" fileid="4" />
                <SequencePoint vc="1" uspid="60" ordinal="2" offset="25" sl="96" sc="13" el="96" ec="79" bec="0" bev="0" fileid="4" />
                <SequencePoint vc="1" uspid="61" ordinal="3" offset="38" sl="99" sc="13" el="99" ec="54" bec="0" bev="0" fileid="4" />
                <SequencePoint vc="1" uspid="62" ordinal="4" offset="45" sl="100" sc="9" el="100" ec="10" bec="0" bev="0" fileid="4" />
              </SequencePoints>
              <BranchPoints />
              <MethodPoint vc="1" uspid="63" ordinal="0" offset="0" />
            </Method>
            <Method visited="true" cyclomaticComplexity="1" nPathComplexity="0" sequenceCoverage="100" branchCoverage="100" isConstructor="false" isStatic="false" isGetter="false" isSetter="false">
              <Summary numSequencePoints="6" visitedSequencePoints="6" numBranchPoints="1" visitedBranchPoints="1" sequenceCoverage="100" branchCoverage="100" maxCyclomaticComplexity="1" minCyclomaticComplexity="1" visitedClasses="0" numClasses="0" visitedMethods="1" numMethods="1" />
              <MetadataToken>100663305</MetadataToken>
              <Name>System.Void WbTstr.UnitTests.Commands.AssertStateCommandTests::Execute_AssertTitleProperty_UseRightStateProperty()</Name>
              <FileRef uid="4" />
              <SequencePoints>
                <SequencePoint vc="1" uspid="64" ordinal="0" offset="6" sl="104" sc="9" el="104" ec="10" bec="0" bev="0" fileid="4" />
                <SequencePoint vc="1" uspid="65" ordinal="1" offset="7" sl="106" sc="13" el="106" ec="58" bec="0" bev="0" fileid="4" />
                <SequencePoint vc="1" uspid="66" ordinal="2" offset="23" sl="107" sc="13" el="107" ec="91" bec="0" bev="0" fileid="4" />
                <SequencePoint vc="1" uspid="67" ordinal="3" offset="40" sl="110" sc="13" el="110" ec="68" bec="0" bev="0" fileid="4" />
                <SequencePoint vc="1" uspid="68" ordinal="4" offset="58" sl="113" sc="13" el="113" ec="55" bec="0" bev="0" fileid="4" />
                <SequencePoint vc="1" uspid="69" ordinal="5" offset="75" sl="114" sc="9" el="114" ec="10" bec="0" bev="0" fileid="4" />
              </SequencePoints>
              <BranchPoints />
              <MethodPoint vc="1" uspid="70" ordinal="0" offset="0" />
            </Method>
            <Method visited="true" cyclomaticComplexity="1" nPathComplexity="0" sequenceCoverage="100" branchCoverage="100" isConstructor="false" isStatic="false" isGetter="false" isSetter="false">
              <Summary numSequencePoints="6" visitedSequencePoints="6" numBranchPoints="1" visitedBranchPoints="1" sequenceCoverage="100" branchCoverage="100" maxCyclomaticComplexity="1" minCyclomaticComplexity="1" visitedClasses="0" numClasses="0" visitedMethods="1" numMethods="1" />
              <MetadataToken>100663306</MetadataToken>
              <Name>System.Void WbTstr.UnitTests.Commands.AssertStateCommandTests::Execute_AssertUrlProperty_UseRightStateProperty()</Name>
              <FileRef uid="4" />
              <SequencePoints>
                <SequencePoint vc="1" uspid="71" ordinal="0" offset="6" sl="118" sc="9" el="118" ec="10" bec="0" bev="0" fileid="4" />
                <SequencePoint vc="1" uspid="72" ordinal="1" offset="7" sl="120" sc="13" el="120" ec="58" bec="0" bev="0" fileid="4" />
                <SequencePoint vc="1" uspid="73" ordinal="2" offset="23" sl="121" sc="13" el="121" ec="89" bec="0" bev="0" fileid="4" />
                <SequencePoint vc="1" uspid="74" ordinal="3" offset="40" sl="124" sc="13" el="124" ec="68" bec="0" bev="0" fileid="4" />
                <SequencePoint vc="1" uspid="75" ordinal="4" offset="58" sl="127" sc="13" el="127" ec="51" bec="0" bev="0" fileid="4" />
                <SequencePoint vc="1" uspid="76" ordinal="5" offset="75" sl="128" sc="9" el="128" ec="10" bec="0" bev="0" fileid="4" />
              </SequencePoints>
              <BranchPoints />
              <MethodPoint vc="1" uspid="77" ordinal="0" offset="0" />
            </Method>
            <Method visited="true" cyclomaticComplexity="1" nPathComplexity="0" sequenceCoverage="0" branchCoverage="0" isConstructor="true" isStatic="false" isGetter="false" isSetter="false">
              <Summary numSequencePoints="0" visitedSequencePoints="0" numBranchPoints="0" visitedBranchPoints="0" sequenceCoverage="0" branchCoverage="0" maxCyclomaticComplexity="1" minCyclomaticComplexity="1" visitedClasses="0" numClasses="0" visitedMethods="0" numMethods="0" />
              <MetadataToken>100663307</MetadataToken>
              <Name>System.Void WbTstr.UnitTests.Commands.AssertStateCommandTests::.ctor()</Name>
              <SequencePoints />
              <BranchPoints />
              <MethodPoint vc="1" uspid="78" ordinal="0" offset="0" />
            </Method>
          </Methods>
        </Class>
        <Class>
          <Summary numSequencePoints="1" visitedSequencePoints="1" numBranchPoints="1" visitedBranchPoints="1" sequenceCoverage="100" branchCoverage="100" maxCyclomaticComplexity="1" minCyclomaticComplexity="1" visitedClasses="1" numClasses="1" visitedMethods="1" numMethods="1" />
          <FullName>WbTstr.UnitTests.Commands.AssertStateCommandTests/&lt;&gt;c__DisplayClass4_0</FullName>
          <Methods>
            <Method visited="true" cyclomaticComplexity="1" nPathComplexity="0" sequenceCoverage="0" branchCoverage="0" isConstructor="true" isStatic="false" isGetter="false" isSetter="false">
              <Summary numSequencePoints="0" visitedSequencePoints="0" numBranchPoints="0" visitedBranchPoints="0" sequenceCoverage="0" branchCoverage="0" maxCyclomaticComplexity="1" minCyclomaticComplexity="1" visitedClasses="0" numClasses="0" visitedMethods="0" numMethods="0" />
              <MetadataToken>100663316</MetadataToken>
              <Name>System.Void WbTstr.UnitTests.Commands.AssertStateCommandTests/&lt;&gt;c__DisplayClass4_0::.ctor()</Name>
              <SequencePoints />
              <BranchPoints />
              <MethodPoint vc="1" uspid="79" ordinal="0" offset="0" />
            </Method>
            <Method visited="true" cyclomaticComplexity="1" nPathComplexity="0" sequenceCoverage="100" branchCoverage="100" isConstructor="false" isStatic="false" isGetter="false" isSetter="false">
              <Summary numSequencePoints="1" visitedSequencePoints="1" numBranchPoints="1" visitedBranchPoints="1" sequenceCoverage="100" branchCoverage="100" maxCyclomaticComplexity="1" minCyclomaticComplexity="1" visitedClasses="0" numClasses="0" visitedMethods="1" numMethods="1" />
              <MetadataToken>100663317</MetadataToken>
              <Name>System.Void WbTstr.UnitTests.Commands.AssertStateCommandTests/&lt;&gt;c__DisplayClass4_0::&lt;Constructor_UninitializedPropertyKey_ThrowsArgumentException&gt;b__0()</Name>
              <FileRef uid="4" />
              <SequencePoints>
                <SequencePoint vc="1" uspid="80" ordinal="0" offset="0" sl="32" sc="41" el="32" ec="98" bec="0" bev="0" fileid="4" />
              </SequencePoints>
              <BranchPoints />
              <MethodPoint xsi:type="SequencePoint" vc="1" uspid="80" ordinal="0" offset="0" sl="32" sc="41" el="32" ec="98" bec="0" bev="0" fileid="4" />
            </Method>
          </Methods>
        </Class>
        <Class>
          <Summary numSequencePoints="1" visitedSequencePoints="1" numBranchPoints="1" visitedBranchPoints="1" sequenceCoverage="100" branchCoverage="100" maxCyclomaticComplexity="1" minCyclomaticComplexity="1" visitedClasses="1" numClasses="1" visitedMethods="1" numMethods="1" />
          <FullName>WbTstr.UnitTests.Commands.AssertStateCommandTests/&lt;&gt;c__DisplayClass5_0</FullName>
          <Methods>
            <Method visited="true" cyclomaticComplexity="1" nPathComplexity="0" sequenceCoverage="0" branchCoverage="0" isConstructor="true" isStatic="false" isGetter="false" isSetter="false">
              <Summary numSequencePoints="0" visitedSequencePoints="0" numBranchPoints="0" visitedBranchPoints="0" sequenceCoverage="0" branchCoverage="0" maxCyclomaticComplexity="1" minCyclomaticComplexity="1" visitedClasses="0" numClasses="0" visitedMethods="0" numMethods="0" />
              <MetadataToken>100663318</MetadataToken>
              <Name>System.Void WbTstr.UnitTests.Commands.AssertStateCommandTests/&lt;&gt;c__DisplayClass5_0::.ctor()</Name>
              <SequencePoints />
              <BranchPoints />
              <MethodPoint vc="1" uspid="81" ordinal="0" offset="0" />
            </Method>
            <Method visited="true" cyclomaticComplexity="1" nPathComplexity="0" sequenceCoverage="100" branchCoverage="100" isConstructor="false" isStatic="false" isGetter="false" isSetter="false">
              <Summary numSequencePoints="1" visitedSequencePoints="1" numBranchPoints="1" visitedBranchPoints="1" sequenceCoverage="100" branchCoverage="100" maxCyclomaticComplexity="1" minCyclomaticComplexity="1" visitedClasses="0" numClasses="0" visitedMethods="1" numMethods="1" />
              <MetadataToken>100663319</MetadataToken>
              <Name>System.Void WbTstr.UnitTests.Commands.AssertStateCommandTests/&lt;&gt;c__DisplayClass5_0::&lt;Constructor_UninitializedPropertyValue_ThrowsArgumentNullException&gt;b__0()</Name>
              <FileRef uid="4" />
              <SequencePoints>
                <SequencePoint vc="1" uspid="82" ordinal="0" offset="0" sl="45" sc="41" el="45" ec="98" bec="0" bev="0" fileid="4" />
              </SequencePoints>
              <BranchPoints />
              <MethodPoint xsi:type="SequencePoint" vc="1" uspid="82" ordinal="0" offset="0" sl="45" sc="41" el="45" ec="98" bec="0" bev="0" fileid="4" />
            </Method>
          </Methods>
        </Class>
        <Class>
          <Summary numSequencePoints="1" visitedSequencePoints="1" numBranchPoints="1" visitedBranchPoints="1" sequenceCoverage="100" branchCoverage="100" maxCyclomaticComplexity="1" minCyclomaticComplexity="1" visitedClasses="1" numClasses="1" visitedMethods="1" numMethods="1" />
          <FullName>WbTstr.UnitTests.Commands.AssertStateCommandTests/&lt;&gt;c__DisplayClass6_0</FullName>
          <Methods>
            <Method visited="true" cyclomaticComplexity="1" nPathComplexity="0" sequenceCoverage="0" branchCoverage="0" isConstructor="true" isStatic="false" isGetter="false" isSetter="false">
              <Summary numSequencePoints="0" visitedSequencePoints="0" numBranchPoints="0" visitedBranchPoints="0" sequenceCoverage="0" branchCoverage="0" maxCyclomaticComplexity="1" minCyclomaticComplexity="1" visitedClasses="0" numClasses="0" visitedMethods="0" numMethods="0" />
              <MetadataToken>100663320</MetadataToken>
              <Name>System.Void WbTstr.UnitTests.Commands.AssertStateCommandTests/&lt;&gt;c__DisplayClass6_0::.ctor()</Name>
              <SequencePoints />
              <BranchPoints />
              <MethodPoint vc="1" uspid="83" ordinal="0" offset="0" />
            </Method>
            <Method visited="true" cyclomaticComplexity="1" nPathComplexity="0" sequenceCoverage="100" branchCoverage="100" isConstructor="false" isStatic="false" isGetter="false" isSetter="false">
              <Summary numSequencePoints="1" visitedSequencePoints="1" numBranchPoints="1" visitedBranchPoints="1" sequenceCoverage="100" branchCoverage="100" maxCyclomaticComplexity="1" minCyclomaticComplexity="1" visitedClasses="0" numClasses="0" visitedMethods="1" numMethods="1" />
              <MetadataToken>100663321</MetadataToken>
              <Name>System.Void WbTstr.UnitTests.Commands.AssertStateCommandTests/&lt;&gt;c__DisplayClass6_0::&lt;Constructor_EmptyPropertyValue_DoesNotThrow&gt;b__0()</Name>
              <FileRef uid="4" />
              <SequencePoints>
                <SequencePoint vc="1" uspid="84" ordinal="0" offset="0" sl="58" sc="41" el="58" ec="98" bec="0" bev="0" fileid="4" />
              </SequencePoints>
              <BranchPoints />
              <MethodPoint xsi:type="SequencePoint" vc="1" uspid="84" ordinal="0" offset="0" sl="58" sc="41" el="58" ec="98" bec="0" bev="0" fileid="4" />
            </Method>
          </Methods>
        </Class>
        <Class>
          <Summary numSequencePoints="1" visitedSequencePoints="1" numBranchPoints="1" visitedBranchPoints="1" sequenceCoverage="100" branchCoverage="100" maxCyclomaticComplexity="1" minCyclomaticComplexity="1" visitedClasses="1" numClasses="1" visitedMethods="1" numMethods="1" />
          <FullName>WbTstr.UnitTests.Commands.AssertStateCommandTests/&lt;&gt;c</FullName>
          <Methods>
            <Method visited="true" cyclomaticComplexity="1" nPathComplexity="0" sequenceCoverage="0" branchCoverage="0" isConstructor="true" isStatic="true" isGetter="false" isSetter="false">
              <Summary numSequencePoints="0" visitedSequencePoints="0" numBranchPoints="0" visitedBranchPoints="0" sequenceCoverage="0" branchCoverage="0" maxCyclomaticComplexity="1" minCyclomaticComplexity="1" visitedClasses="0" numClasses="0" visitedMethods="0" numMethods="0" />
              <MetadataToken>100663322</MetadataToken>
              <Name>System.Void WbTstr.UnitTests.Commands.AssertStateCommandTests/&lt;&gt;c::.cctor()</Name>
              <SequencePoints />
              <BranchPoints />
              <MethodPoint vc="1" uspid="85" ordinal="0" offset="0" />
            </Method>
            <Method visited="true" cyclomaticComplexity="1" nPathComplexity="0" sequenceCoverage="0" branchCoverage="0" isConstructor="true" isStatic="false" isGetter="false" isSetter="false">
              <Summary numSequencePoints="0" visitedSequencePoints="0" numBranchPoints="0" visitedBranchPoints="0" sequenceCoverage="0" branchCoverage="0" maxCyclomaticComplexity="1" minCyclomaticComplexity="1" visitedClasses="0" numClasses="0" visitedMethods="0" numMethods="0" />
              <MetadataToken>100663323</MetadataToken>
              <Name>System.Void WbTstr.UnitTests.Commands.AssertStateCommandTests/&lt;&gt;c::.ctor()</Name>
              <SequencePoints />
              <BranchPoints />
              <MethodPoint vc="1" uspid="86" ordinal="0" offset="0" />
            </Method>
            <Method visited="true" cyclomaticComplexity="1" nPathComplexity="0" sequenceCoverage="100" branchCoverage="100" isConstructor="false" isStatic="false" isGetter="false" isSetter="false">
              <Summary numSequencePoints="1" visitedSequencePoints="1" numBranchPoints="1" visitedBranchPoints="1" sequenceCoverage="100" branchCoverage="100" maxCyclomaticComplexity="1" minCyclomaticComplexity="1" visitedClasses="0" numClasses="0" visitedMethods="1" numMethods="1" />
              <MetadataToken>100663324</MetadataToken>
              <Name>System.Void WbTstr.UnitTests.Commands.AssertStateCommandTests/&lt;&gt;c::&lt;Constructor_TypicalPropertyKeyValue_DoesNotThrow&gt;b__7_0()</Name>
              <FileRef uid="4" />
              <SequencePoints>
                <SequencePoint vc="1" uspid="87" ordinal="0" offset="0" sl="70" sc="41" el="70" ec="105" bec="0" bev="0" fileid="4" />
              </SequencePoints>
              <BranchPoints />
              <MethodPoint xsi:type="SequencePoint" vc="1" uspid="87" ordinal="0" offset="0" sl="70" sc="41" el="70" ec="105" bec="0" bev="0" fileid="4" />
            </Method>
          </Methods>
        </Class>
        <Class>
          <Summary numSequencePoints="1" visitedSequencePoints="1" numBranchPoints="1" visitedBranchPoints="1" sequenceCoverage="100" branchCoverage="100" maxCyclomaticComplexity="1" minCyclomaticComplexity="1" visitedClasses="1" numClasses="1" visitedMethods="1" numMethods="1" />
          <FullName>WbTstr.UnitTests.Commands.AssertStateCommandTests/&lt;&gt;c__DisplayClass8_0</FullName>
          <Methods>
            <Method visited="true" cyclomaticComplexity="1" nPathComplexity="0" sequenceCoverage="0" branchCoverage="0" isConstructor="true" isStatic="false" isGetter="false" isSetter="false">
              <Summary numSequencePoints="0" visitedSequencePoints="0" numBranchPoints="0" visitedBranchPoints="0" sequenceCoverage="0" branchCoverage="0" maxCyclomaticComplexity="1" minCyclomaticComplexity="1" visitedClasses="0" numClasses="0" visitedMethods="0" numMethods="0" />
              <MetadataToken>100663325</MetadataToken>
              <Name>System.Void WbTstr.UnitTests.Commands.AssertStateCommandTests/&lt;&gt;c__DisplayClass8_0::.ctor()</Name>
              <SequencePoints />
              <BranchPoints />
              <MethodPoint vc="1" uspid="88" ordinal="0" offset="0" />
            </Method>
            <Method visited="true" cyclomaticComplexity="1" nPathComplexity="0" sequenceCoverage="100" branchCoverage="100" isConstructor="false" isStatic="false" isGetter="false" isSetter="false">
              <Summary numSequencePoints="1" visitedSequencePoints="1" numBranchPoints="1" visitedBranchPoints="1" sequenceCoverage="100" branchCoverage="100" maxCyclomaticComplexity="1" minCyclomaticComplexity="1" visitedClasses="0" numClasses="0" visitedMethods="1" numMethods="1" />
              <MetadataToken>100663326</MetadataToken>
              <Name>System.Void WbTstr.UnitTests.Commands.AssertStateCommandTests/&lt;&gt;c__DisplayClass8_0::&lt;Execute_UninitializedWebDriver_ThrowsArgumentNullException&gt;b__0()</Name>
              <FileRef uid="4" />
              <SequencePoints>
                <SequencePoint vc="1" uspid="89" ordinal="0" offset="0" sl="83" sc="41" el="83" ec="78" bec="0" bev="0" fileid="4" />
              </SequencePoints>
              <BranchPoints />
              <MethodPoint xsi:type="SequencePoint" vc="1" uspid="89" ordinal="0" offset="0" sl="83" sc="41" el="83" ec="78" bec="0" bev="0" fileid="4" />
            </Method>
          </Methods>
        </Class>
        <Class>
          <Summary numSequencePoints="1" visitedSequencePoints="1" numBranchPoints="1" visitedBranchPoints="1" sequenceCoverage="100" branchCoverage="100" maxCyclomaticComplexity="1" minCyclomaticComplexity="1" visitedClasses="1" numClasses="1" visitedMethods="1" numMethods="1" />
          <FullName>WbTstr.UnitTests.Commands.AssertStateCommandTests/&lt;&gt;c__DisplayClass9_0</FullName>
          <Methods>
            <Method visited="true" cyclomaticComplexity="1" nPathComplexity="0" sequenceCoverage="0" branchCoverage="0" isConstructor="true" isStatic="false" isGetter="false" isSetter="false">
              <Summary numSequencePoints="0" visitedSequencePoints="0" numBranchPoints="0" visitedBranchPoints="0" sequenceCoverage="0" branchCoverage="0" maxCyclomaticComplexity="1" minCyclomaticComplexity="1" visitedClasses="0" numClasses="0" visitedMethods="0" numMethods="0" />
              <MetadataToken>100663327</MetadataToken>
              <Name>System.Void WbTstr.UnitTests.Commands.AssertStateCommandTests/&lt;&gt;c__DisplayClass9_0::.ctor()</Name>
              <SequencePoints />
              <BranchPoints />
              <MethodPoint vc="1" uspid="90" ordinal="0" offset="0" />
            </Method>
            <Method visited="true" cyclomaticComplexity="1" nPathComplexity="0" sequenceCoverage="100" branchCoverage="100" isConstructor="false" isStatic="false" isGetter="false" isSetter="false">
              <Summary numSequencePoints="1" visitedSequencePoints="1" numBranchPoints="1" visitedBranchPoints="1" sequenceCoverage="100" branchCoverage="100" maxCyclomaticComplexity="1" minCyclomaticComplexity="1" visitedClasses="0" numClasses="0" visitedMethods="1" numMethods="1" />
              <MetadataToken>100663328</MetadataToken>
              <Name>System.Void WbTstr.UnitTests.Commands.AssertStateCommandTests/&lt;&gt;c__DisplayClass9_0::&lt;Execute_DifferentThanWebDriverType_ThrowsArgumentException&gt;b__0()</Name>
              <FileRef uid="4" />
              <SequencePoints>
                <SequencePoint vc="1" uspid="91" ordinal="0" offset="0" sl="96" sc="41" el="96" ec="78" bec="0" bev="0" fileid="4" />
              </SequencePoints>
              <BranchPoints />
              <MethodPoint xsi:type="SequencePoint" vc="1" uspid="91" ordinal="0" offset="0" sl="96" sc="41" el="96" ec="78" bec="0" bev="0" fileid="4" />
            </Method>
          </Methods>
        </Class>
        <Class>
          <Summary numSequencePoints="1" visitedSequencePoints="1" numBranchPoints="1" visitedBranchPoints="1" sequenceCoverage="100" branchCoverage="100" maxCyclomaticComplexity="1" minCyclomaticComplexity="1" visitedClasses="1" numClasses="1" visitedMethods="1" numMethods="1" />
          <FullName>WbTstr.UnitTests.Commands.AssertStateCommandTests/&lt;&gt;c__DisplayClass10_0</FullName>
          <Methods>
            <Method visited="true" cyclomaticComplexity="1" nPathComplexity="0" sequenceCoverage="0" branchCoverage="0" isConstructor="true" isStatic="false" isGetter="false" isSetter="false">
              <Summary numSequencePoints="0" visitedSequencePoints="0" numBranchPoints="0" visitedBranchPoints="0" sequenceCoverage="0" branchCoverage="0" maxCyclomaticComplexity="1" minCyclomaticComplexity="1" visitedClasses="0" numClasses="0" visitedMethods="0" numMethods="0" />
              <MetadataToken>100663329</MetadataToken>
              <Name>System.Void WbTstr.UnitTests.Commands.AssertStateCommandTests/&lt;&gt;c__DisplayClass10_0::.ctor()</Name>
              <SequencePoints />
              <BranchPoints />
              <MethodPoint vc="1" uspid="92" ordinal="0" offset="0" />
            </Method>
            <Method visited="true" cyclomaticComplexity="1" nPathComplexity="0" sequenceCoverage="100" branchCoverage="100" isConstructor="false" isStatic="false" isGetter="false" isSetter="false">
              <Summary numSequencePoints="1" visitedSequencePoints="1" numBranchPoints="1" visitedBranchPoints="1" sequenceCoverage="100" branchCoverage="100" maxCyclomaticComplexity="1" minCyclomaticComplexity="1" visitedClasses="0" numClasses="0" visitedMethods="1" numMethods="1" />
              <MetadataToken>100663330</MetadataToken>
              <Name>System.Void WbTstr.UnitTests.Commands.AssertStateCommandTests/&lt;&gt;c__DisplayClass10_0::&lt;Execute_AssertTitleProperty_UseRightStateProperty&gt;b__0()</Name>
              <FileRef uid="4" />
              <SequencePoints>
                <SequencePoint vc="1" uspid="93" ordinal="0" offset="0" sl="110" sc="40" el="110" ec="66" bec="0" bev="0" fileid="4" />
              </SequencePoints>
              <BranchPoints />
              <MethodPoint xsi:type="SequencePoint" vc="1" uspid="93" ordinal="0" offset="0" sl="110" sc="40" el="110" ec="66" bec="0" bev="0" fileid="4" />
            </Method>
          </Methods>
        </Class>
        <Class>
          <Summary numSequencePoints="1" visitedSequencePoints="1" numBranchPoints="1" visitedBranchPoints="1" sequenceCoverage="100" branchCoverage="100" maxCyclomaticComplexity="1" minCyclomaticComplexity="1" visitedClasses="1" numClasses="1" visitedMethods="1" numMethods="1" />
          <FullName>WbTstr.UnitTests.Commands.AssertStateCommandTests/&lt;&gt;c__DisplayClass11_0</FullName>
          <Methods>
            <Method visited="true" cyclomaticComplexity="1" nPathComplexity="0" sequenceCoverage="0" branchCoverage="0" isConstructor="true" isStatic="false" isGetter="false" isSetter="false">
              <Summary numSequencePoints="0" visitedSequencePoints="0" numBranchPoints="0" visitedBranchPoints="0" sequenceCoverage="0" branchCoverage="0" maxCyclomaticComplexity="1" minCyclomaticComplexity="1" visitedClasses="0" numClasses="0" visitedMethods="0" numMethods="0" />
              <MetadataToken>100663331</MetadataToken>
              <Name>System.Void WbTstr.UnitTests.Commands.AssertStateCommandTests/&lt;&gt;c__DisplayClass11_0::.ctor()</Name>
              <SequencePoints />
              <BranchPoints />
              <MethodPoint vc="1" uspid="94" ordinal="0" offset="0" />
            </Method>
            <Method visited="true" cyclomaticComplexity="1" nPathComplexity="0" sequenceCoverage="100" branchCoverage="100" isConstructor="false" isStatic="false" isGetter="false" isSetter="false">
              <Summary numSequencePoints="1" visitedSequencePoints="1" numBranchPoints="1" visitedBranchPoints="1" sequenceCoverage="100" branchCoverage="100" maxCyclomaticComplexity="1" minCyclomaticComplexity="1" visitedClasses="0" numClasses="0" visitedMethods="1" numMethods="1" />
              <MetadataToken>100663332</MetadataToken>
              <Name>System.Void WbTstr.UnitTests.Commands.AssertStateCommandTests/&lt;&gt;c__DisplayClass11_0::&lt;Execute_AssertUrlProperty_UseRightStateProperty&gt;b__0()</Name>
              <FileRef uid="4" />
              <SequencePoints>
                <SequencePoint vc="1" uspid="95" ordinal="0" offset="0" sl="124" sc="40" el="124" ec="66" bec="0" bev="0" fileid="4" />
              </SequencePoints>
              <BranchPoints />
              <MethodPoint xsi:type="SequencePoint" vc="1" uspid="95" ordinal="0" offset="0" sl="124" sc="40" el="124" ec="66" bec="0" bev="0" fileid="4" />
            </Method>
          </Methods>
        </Class>
        <Class>
          <Summary numSequencePoints="38" visitedSequencePoints="38" numBranchPoints="7" visitedBranchPoints="7" sequenceCoverage="100" branchCoverage="100" maxCyclomaticComplexity="2" minCyclomaticComplexity="1" visitedClasses="1" numClasses="1" visitedMethods="7" numMethods="7" />
          <FullName>WbTstr.UnitTests.Commands.AssertStateExpCommandTests</FullName>
          <Methods>
            <Method visited="true" cyclomaticComplexity="2" nPathComplexity="0" sequenceCoverage="100" branchCoverage="100" isConstructor="false" isStatic="false" isGetter="false" isSetter="false">
              <Summary numSequencePoints="4" visitedSequencePoints="4" numBranchPoints="1" visitedBranchPoints="1" sequenceCoverage="100" branchCoverage="100" maxCyclomaticComplexity="2" minCyclomaticComplexity="2" visitedClasses="0" numClasses="0" visitedMethods="1" numMethods="1" />
              <MetadataToken>100663308</MetadataToken>
              <Name>System.Void WbTstr.UnitTests.Commands.AssertStateExpCommandTests::Constructor_TypicalPropertyKeyValue_DoesNotThrow()</Name>
              <FileRef uid="13" />
              <SequencePoints>
                <SequencePoint vc="1" uspid="96" ordinal="0" offset="0" sl="18" sc="9" el="18" ec="10" bec="0" bev="0" fileid="13" />
                <SequencePoint vc="1" uspid="97" ordinal="1" offset="1" sl="22" sc="13" el="22" ec="105" bec="0" bev="0" fileid="13" />
                <SequencePoint vc="1" uspid="98" ordinal="2" offset="33" sl="25" sc="13" el="25" ec="41" bec="0" bev="0" fileid="13" />
                <SequencePoint vc="1" uspid="99" ordinal="3" offset="40" sl="26" sc="9" el="26" ec="10" bec="0" bev="0" fileid="13" />
              </SequencePoints>
              <BranchPoints />
              <MethodPoint xsi:type="SequencePoint" vc="1" uspid="96" ordinal="0" offset="0" sl="18" sc="9" el="18" ec="10" bec="0" bev="0" fileid="13" />
            </Method>
            <Method visited="true" cyclomaticComplexity="1" nPathComplexity="0" sequenceCoverage="100" branchCoverage="100" isConstructor="false" isStatic="false" isGetter="false" isSetter="false">
              <Summary numSequencePoints="5" visitedSequencePoints="5" numBranchPoints="1" visitedBranchPoints="1" sequenceCoverage="100" branchCoverage="100" maxCyclomaticComplexity="1" minCyclomaticComplexity="1" visitedClasses="0" numClasses="0" visitedMethods="1" numMethods="1" />
              <MetadataToken>100663309</MetadataToken>
              <Name>System.Void WbTstr.UnitTests.Commands.AssertStateExpCommandTests::Constructor_UninitializedPropertyValue_DoesNotThrow()</Name>
              <FileRef uid="13" />
              <SequencePoints>
                <SequencePoint vc="1" uspid="102" ordinal="0" offset="6" sl="30" sc="9" el="30" ec="10" bec="0" bev="0" fileid="13" />
                <SequencePoint vc="1" uspid="103" ordinal="1" offset="7" sl="32" sc="13" el="32" ec="41" bec="0" bev="0" fileid="13" />
                <SequencePoint vc="1" uspid="104" ordinal="2" offset="14" sl="35" sc="13" el="35" ec="98" bec="0" bev="0" fileid="13" />
                <SequencePoint vc="1" uspid="105" ordinal="3" offset="27" sl="38" sc="13" el="38" ec="41" bec="0" bev="0" fileid="13" />
                <SequencePoint vc="1" uspid="106" ordinal="4" offset="34" sl="39" sc="9" el="39" ec="10" bec="0" bev="0" fileid="13" />
              </SequencePoints>
              <BranchPoints />
              <MethodPoint vc="1" uspid="107" ordinal="0" offset="0" />
            </Method>
            <Method visited="true" cyclomaticComplexity="1" nPathComplexity="0" sequenceCoverage="100" branchCoverage="100" isConstructor="false" isStatic="false" isGetter="false" isSetter="false">
              <Summary numSequencePoints="5" visitedSequencePoints="5" numBranchPoints="1" visitedBranchPoints="1" sequenceCoverage="100" branchCoverage="100" maxCyclomaticComplexity="1" minCyclomaticComplexity="1" visitedClasses="0" numClasses="0" visitedMethods="1" numMethods="1" />
              <MetadataToken>100663310</MetadataToken>
              <Name>System.Void WbTstr.UnitTests.Commands.AssertStateExpCommandTests::Constructor_EmptyPropertyValue_DoesNotThrow()</Name>
              <FileRef uid="13" />
              <SequencePoints>
                <SequencePoint vc="1" uspid="108" ordinal="0" offset="6" sl="43" sc="9" el="43" ec="10" bec="0" bev="0" fileid="13" />
                <SequencePoint vc="1" uspid="109" ordinal="1" offset="7" sl="45" sc="13" el="45" ec="49" bec="0" bev="0" fileid="13" />
                <SequencePoint vc="1" uspid="110" ordinal="2" offset="18" sl="48" sc="13" el="48" ec="98" bec="0" bev="0" fileid="13" />
                <SequencePoint vc="1" uspid="111" ordinal="3" offset="31" sl="51" sc="13" el="51" ec="41" bec="0" bev="0" fileid="13" />
                <SequencePoint vc="1" uspid="112" ordinal="4" offset="38" sl="52" sc="9" el="52" ec="10" bec="0" bev="0" fileid="13" />
              </SequencePoints>
              <BranchPoints />
              <MethodPoint vc="1" uspid="113" ordinal="0" offset="0" />
            </Method>
            <Method visited="true" cyclomaticComplexity="1" nPathComplexity="0" sequenceCoverage="100" branchCoverage="100" isConstructor="false" isStatic="false" isGetter="false" isSetter="false">
              <Summary numSequencePoints="6" visitedSequencePoints="6" numBranchPoints="1" visitedBranchPoints="1" sequenceCoverage="100" branchCoverage="100" maxCyclomaticComplexity="1" minCyclomaticComplexity="1" visitedClasses="0" numClasses="0" visitedMethods="1" numMethods="1" />
              <MetadataToken>100663311</MetadataToken>
              <Name>System.Void WbTstr.UnitTests.Commands.AssertStateExpCommandTests::Execute_UninitializedWebDriver_ThrowsArgumentNullException()</Name>
              <FileRef uid="13" />
              <SequencePoints>
                <SequencePoint vc="1" uspid="114" ordinal="0" offset="6" sl="56" sc="9" el="56" ec="10" bec="0" bev="0" fileid="13" />
                <SequencePoint vc="1" uspid="115" ordinal="1" offset="7" sl="58" sc="13" el="58" ec="91" bec="0" bev="0" fileid="13" />
                <SequencePoint vc="1" uspid="116" ordinal="2" offset="100" sl="59" sc="13" el="59" ec="40" bec="0" bev="0" fileid="13" />
                <SequencePoint vc="1" uspid="117" ordinal="3" offset="107" sl="62" sc="13" el="62" ec="71" bec="0" bev="0" fileid="13" />
                <SequencePoint vc="1" uspid="118" ordinal="4" offset="120" sl="65" sc="13" el="65" ec="58" bec="0" bev="0" fileid="13" />
                <SequencePoint vc="1" uspid="119" ordinal="5" offset="127" sl="66" sc="9" el="66" ec="10" bec="0" bev="0" fileid="13" />
              </SequencePoints>
              <BranchPoints />
              <MethodPoint vc="1" uspid="120" ordinal="0" offset="0" />
            </Method>
            <Method visited="true" cyclomaticComplexity="1" nPathComplexity="0" sequenceCoverage="100" branchCoverage="100" isConstructor="false" isStatic="false" isGetter="false" isSetter="false">
              <Summary numSequencePoints="6" visitedSequencePoints="6" numBranchPoints="1" visitedBranchPoints="1" sequenceCoverage="100" branchCoverage="100" maxCyclomaticComplexity="1" minCyclomaticComplexity="1" visitedClasses="0" numClasses="0" visitedMethods="1" numMethods="1" />
              <MetadataToken>100663312</MetadataToken>
              <Name>System.Void WbTstr.UnitTests.Commands.AssertStateExpCommandTests::Execute_DifferentThanWebDriverType_ThrowsArgumentException()</Name>
              <FileRef uid="13" />
              <SequencePoints>
                <SequencePoint vc="1" uspid="121" ordinal="0" offset="6" sl="70" sc="9" el="70" ec="10" bec="0" bev="0" fileid="13" />
                <SequencePoint vc="1" uspid="122" ordinal="1" offset="7" sl="72" sc="13" el="72" ec="91" bec="0" bev="0" fileid="13" />
                <SequencePoint vc="1" uspid="123" ordinal="2" offset="100" sl="73" sc="13" el="73" ec="60" bec="0" bev="0" fileid="13" />
                <SequencePoint vc="1" uspid="124" ordinal="3" offset="111" sl="76" sc="13" el="76" ec="71" bec="0" bev="0" fileid="13" />
                <SequencePoint vc="1" uspid="125" ordinal="4" offset="124" sl="79" sc="13" el="79" ec="54" bec="0" bev="0" fileid="13" />
                <SequencePoint vc="1" uspid="126" ordinal="5" offset="131" sl="80" sc="9" el="80" ec="10" bec="0" bev="0" fileid="13" />
              </SequencePoints>
              <BranchPoints />
              <MethodPoint vc="1" uspid="127" ordinal="0" offset="0" />
            </Method>
            <Method visited="true" cyclomaticComplexity="1" nPathComplexity="0" sequenceCoverage="100" branchCoverage="100" isConstructor="false" isStatic="false" isGetter="false" isSetter="false">
              <Summary numSequencePoints="6" visitedSequencePoints="6" numBranchPoints="1" visitedBranchPoints="1" sequenceCoverage="100" branchCoverage="100" maxCyclomaticComplexity="1" minCyclomaticComplexity="1" visitedClasses="0" numClasses="0" visitedMethods="1" numMethods="1" />
              <MetadataToken>100663313</MetadataToken>
              <Name>System.Void WbTstr.UnitTests.Commands.AssertStateExpCommandTests::Execute_AssertTitleProperty_UseRightStateProperty()</Name>
              <FileRef uid="13" />
              <SequencePoints>
                <SequencePoint vc="1" uspid="128" ordinal="0" offset="6" sl="84" sc="9" el="84" ec="10" bec="0" bev="0" fileid="13" />
                <SequencePoint vc="1" uspid="129" ordinal="1" offset="7" sl="86" sc="13" el="86" ec="58" bec="0" bev="0" fileid="13" />
                <SequencePoint vc="1" uspid="130" ordinal="2" offset="23" sl="87" sc="13" el="87" ec="91" bec="0" bev="0" fileid="13" />
                <SequencePoint vc="1" uspid="131" ordinal="3" offset="116" sl="90" sc="13" el="90" ec="68" bec="0" bev="0" fileid="13" />
                <SequencePoint vc="1" uspid="132" ordinal="4" offset="134" sl="93" sc="13" el="93" ec="55" bec="0" bev="0" fileid="13" />
                <SequencePoint vc="1" uspid="133" ordinal="5" offset="151" sl="94" sc="9" el="94" ec="10" bec="0" bev="0" fileid="13" />
              </SequencePoints>
              <BranchPoints />
              <MethodPoint vc="1" uspid="134" ordinal="0" offset="0" />
            </Method>
            <Method visited="true" cyclomaticComplexity="1" nPathComplexity="0" sequenceCoverage="100" branchCoverage="100" isConstructor="false" isStatic="false" isGetter="false" isSetter="false">
              <Summary numSequencePoints="6" visitedSequencePoints="6" numBranchPoints="1" visitedBranchPoints="1" sequenceCoverage="100" branchCoverage="100" maxCyclomaticComplexity="1" minCyclomaticComplexity="1" visitedClasses="0" numClasses="0" visitedMethods="1" numMethods="1" />
              <MetadataToken>100663314</MetadataToken>
              <Name>System.Void WbTstr.UnitTests.Commands.AssertStateExpCommandTests::Execute_AssertUrlProperty_UseRightStateProperty()</Name>
              <FileRef uid="13" />
              <SequencePoints>
                <SequencePoint vc="1" uspid="135" ordinal="0" offset="6" sl="98" sc="9" el="98" ec="10" bec="0" bev="0" fileid="13" />
                <SequencePoint vc="1" uspid="136" ordinal="1" offset="7" sl="100" sc="13" el="100" ec="58" bec="0" bev="0" fileid="13" />
                <SequencePoint vc="1" uspid="137" ordinal="2" offset="23" sl="101" sc="13" el="101" ec="89" bec="0" bev="0" fileid="13" />
                <SequencePoint vc="1" uspid="138" ordinal="3" offset="116" sl="104" sc="13" el="104" ec="68" bec="0" bev="0" fileid="13" />
                <SequencePoint vc="1" uspid="139" ordinal="4" offset="134" sl="107" sc="13" el="107" ec="51" bec="0" bev="0" fileid="13" />
                <SequencePoint vc="1" uspid="140" ordinal="5" offset="151" sl="108" sc="9" el="108" ec="10" bec="0" bev="0" fileid="13" />
              </SequencePoints>
              <BranchPoints />
              <MethodPoint vc="1" uspid="141" ordinal="0" offset="0" />
            </Method>
            <Method visited="true" cyclomaticComplexity="1" nPathComplexity="0" sequenceCoverage="0" branchCoverage="0" isConstructor="true" isStatic="false" isGetter="false" isSetter="false">
              <Summary numSequencePoints="0" visitedSequencePoints="0" numBranchPoints="0" visitedBranchPoints="0" sequenceCoverage="0" branchCoverage="0" maxCyclomaticComplexity="1" minCyclomaticComplexity="1" visitedClasses="0" numClasses="0" visitedMethods="0" numMethods="0" />
              <MetadataToken>100663315</MetadataToken>
              <Name>System.Void WbTstr.UnitTests.Commands.AssertStateExpCommandTests::.ctor()</Name>
              <SequencePoints />
              <BranchPoints />
              <MethodPoint vc="1" uspid="142" ordinal="0" offset="0" />
            </Method>
          </Methods>
        </Class>
        <Class>
          <Summary numSequencePoints="1" visitedSequencePoints="1" numBranchPoints="1" visitedBranchPoints="1" sequenceCoverage="100" branchCoverage="100" maxCyclomaticComplexity="1" minCyclomaticComplexity="1" visitedClasses="1" numClasses="1" visitedMethods="1" numMethods="1" />
          <FullName>WbTstr.UnitTests.Commands.AssertStateExpCommandTests/&lt;&gt;c</FullName>
          <Methods>
            <Method visited="true" cyclomaticComplexity="1" nPathComplexity="0" sequenceCoverage="0" branchCoverage="0" isConstructor="true" isStatic="true" isGetter="false" isSetter="false">
              <Summary numSequencePoints="0" visitedSequencePoints="0" numBranchPoints="0" visitedBranchPoints="0" sequenceCoverage="0" branchCoverage="0" maxCyclomaticComplexity="1" minCyclomaticComplexity="1" visitedClasses="0" numClasses="0" visitedMethods="0" numMethods="0" />
              <MetadataToken>100663333</MetadataToken>
              <Name>System.Void WbTstr.UnitTests.Commands.AssertStateExpCommandTests/&lt;&gt;c::.cctor()</Name>
              <SequencePoints />
              <BranchPoints />
              <MethodPoint vc="1" uspid="143" ordinal="0" offset="0" />
            </Method>
            <Method visited="true" cyclomaticComplexity="1" nPathComplexity="0" sequenceCoverage="0" branchCoverage="0" isConstructor="true" isStatic="false" isGetter="false" isSetter="false">
              <Summary numSequencePoints="0" visitedSequencePoints="0" numBranchPoints="0" visitedBranchPoints="0" sequenceCoverage="0" branchCoverage="0" maxCyclomaticComplexity="1" minCyclomaticComplexity="1" visitedClasses="0" numClasses="0" visitedMethods="0" numMethods="0" />
              <MetadataToken>100663334</MetadataToken>
              <Name>System.Void WbTstr.UnitTests.Commands.AssertStateExpCommandTests/&lt;&gt;c::.ctor()</Name>
              <SequencePoints />
              <BranchPoints />
              <MethodPoint vc="1" uspid="144" ordinal="0" offset="0" />
            </Method>
            <Method visited="true" cyclomaticComplexity="1" nPathComplexity="0" sequenceCoverage="100" branchCoverage="100" isConstructor="false" isStatic="false" isGetter="false" isSetter="false">
              <Summary numSequencePoints="1" visitedSequencePoints="1" numBranchPoints="1" visitedBranchPoints="1" sequenceCoverage="100" branchCoverage="100" maxCyclomaticComplexity="1" minCyclomaticComplexity="1" visitedClasses="0" numClasses="0" visitedMethods="1" numMethods="1" />
              <MetadataToken>100663335</MetadataToken>
              <Name>System.Void WbTstr.UnitTests.Commands.AssertStateExpCommandTests/&lt;&gt;c::&lt;Constructor_TypicalPropertyKeyValue_DoesNotThrow&gt;b__1_0()</Name>
              <FileRef uid="13" />
              <SequencePoints>
                <SequencePoint vc="1" uspid="145" ordinal="0" offset="0" sl="22" sc="41" el="22" ec="104" bec="0" bev="0" fileid="13" />
              </SequencePoints>
              <BranchPoints />
              <MethodPoint xsi:type="SequencePoint" vc="1" uspid="145" ordinal="0" offset="0" sl="22" sc="41" el="22" ec="104" bec="0" bev="0" fileid="13" />
            </Method>
          </Methods>
        </Class>
        <Class>
          <Summary numSequencePoints="1" visitedSequencePoints="1" numBranchPoints="1" visitedBranchPoints="1" sequenceCoverage="100" branchCoverage="100" maxCyclomaticComplexity="1" minCyclomaticComplexity="1" visitedClasses="1" numClasses="1" visitedMethods="1" numMethods="1" />
          <FullName>WbTstr.UnitTests.Commands.AssertStateExpCommandTests/&lt;&gt;c__DisplayClass2_0</FullName>
          <Methods>
            <Method visited="true" cyclomaticComplexity="1" nPathComplexity="0" sequenceCoverage="0" branchCoverage="0" isConstructor="true" isStatic="false" isGetter="false" isSetter="false">
              <Summary numSequencePoints="0" visitedSequencePoints="0" numBranchPoints="0" visitedBranchPoints="0" sequenceCoverage="0" branchCoverage="0" maxCyclomaticComplexity="1" minCyclomaticComplexity="1" visitedClasses="0" numClasses="0" visitedMethods="0" numMethods="0" />
              <MetadataToken>100663336</MetadataToken>
              <Name>System.Void WbTstr.UnitTests.Commands.AssertStateExpCommandTests/&lt;&gt;c__DisplayClass2_0::.ctor()</Name>
              <SequencePoints />
              <BranchPoints />
              <MethodPoint vc="1" uspid="146" ordinal="0" offset="0" />
            </Method>
            <Method visited="true" cyclomaticComplexity="1" nPathComplexity="0" sequenceCoverage="100" branchCoverage="100" isConstructor="false" isStatic="false" isGetter="false" isSetter="false">
              <Summary numSequencePoints="1" visitedSequencePoints="1" numBranchPoints="1" visitedBranchPoints="1" sequenceCoverage="100" branchCoverage="100" maxCyclomaticComplexity="1" minCyclomaticComplexity="1" visitedClasses="0" numClasses="0" visitedMethods="1" numMethods="1" />
              <MetadataToken>100663337</MetadataToken>
              <Name>System.Void WbTstr.UnitTests.Commands.AssertStateExpCommandTests/&lt;&gt;c__DisplayClass2_0::&lt;Constructor_UninitializedPropertyValue_DoesNotThrow&gt;b__0()</Name>
              <FileRef uid="13" />
              <SequencePoints>
                <SequencePoint vc="1" uspid="147" ordinal="0" offset="0" sl="35" sc="41" el="35" ec="97" bec="0" bev="0" fileid="13" />
              </SequencePoints>
              <BranchPoints />
              <MethodPoint xsi:type="SequencePoint" vc="1" uspid="147" ordinal="0" offset="0" sl="35" sc="41" el="35" ec="97" bec="0" bev="0" fileid="13" />
            </Method>
          </Methods>
        </Class>
        <Class>
          <Summary numSequencePoints="1" visitedSequencePoints="1" numBranchPoints="1" visitedBranchPoints="1" sequenceCoverage="100" branchCoverage="100" maxCyclomaticComplexity="1" minCyclomaticComplexity="1" visitedClasses="1" numClasses="1" visitedMethods="1" numMethods="1" />
          <FullName>WbTstr.UnitTests.Commands.AssertStateExpCommandTests/&lt;&gt;c__DisplayClass3_0</FullName>
          <Methods>
            <Method visited="true" cyclomaticComplexity="1" nPathComplexity="0" sequenceCoverage="0" branchCoverage="0" isConstructor="true" isStatic="false" isGetter="false" isSetter="false">
              <Summary numSequencePoints="0" visitedSequencePoints="0" numBranchPoints="0" visitedBranchPoints="0" sequenceCoverage="0" branchCoverage="0" maxCyclomaticComplexity="1" minCyclomaticComplexity="1" visitedClasses="0" numClasses="0" visitedMethods="0" numMethods="0" />
              <MetadataToken>100663338</MetadataToken>
              <Name>System.Void WbTstr.UnitTests.Commands.AssertStateExpCommandTests/&lt;&gt;c__DisplayClass3_0::.ctor()</Name>
              <SequencePoints />
              <BranchPoints />
              <MethodPoint vc="1" uspid="148" ordinal="0" offset="0" />
            </Method>
            <Method visited="true" cyclomaticComplexity="1" nPathComplexity="0" sequenceCoverage="100" branchCoverage="100" isConstructor="false" isStatic="false" isGetter="false" isSetter="false">
              <Summary numSequencePoints="1" visitedSequencePoints="1" numBranchPoints="1" visitedBranchPoints="1" sequenceCoverage="100" branchCoverage="100" maxCyclomaticComplexity="1" minCyclomaticComplexity="1" visitedClasses="0" numClasses="0" visitedMethods="1" numMethods="1" />
              <MetadataToken>100663339</MetadataToken>
              <Name>System.Void WbTstr.UnitTests.Commands.AssertStateExpCommandTests/&lt;&gt;c__DisplayClass3_0::&lt;Constructor_EmptyPropertyValue_DoesNotThrow&gt;b__0()</Name>
              <FileRef uid="13" />
              <SequencePoints>
                <SequencePoint vc="1" uspid="149" ordinal="0" offset="0" sl="48" sc="41" el="48" ec="97" bec="0" bev="0" fileid="13" />
              </SequencePoints>
              <BranchPoints />
              <MethodPoint xsi:type="SequencePoint" vc="1" uspid="149" ordinal="0" offset="0" sl="48" sc="41" el="48" ec="97" bec="0" bev="0" fileid="13" />
            </Method>
          </Methods>
        </Class>
        <Class>
          <Summary numSequencePoints="1" visitedSequencePoints="1" numBranchPoints="1" visitedBranchPoints="1" sequenceCoverage="100" branchCoverage="100" maxCyclomaticComplexity="1" minCyclomaticComplexity="1" visitedClasses="1" numClasses="1" visitedMethods="1" numMethods="1" />
          <FullName>WbTstr.UnitTests.Commands.AssertStateExpCommandTests/&lt;&gt;c__DisplayClass4_0</FullName>
          <Methods>
            <Method visited="true" cyclomaticComplexity="1" nPathComplexity="0" sequenceCoverage="0" branchCoverage="0" isConstructor="true" isStatic="false" isGetter="false" isSetter="false">
              <Summary numSequencePoints="0" visitedSequencePoints="0" numBranchPoints="0" visitedBranchPoints="0" sequenceCoverage="0" branchCoverage="0" maxCyclomaticComplexity="1" minCyclomaticComplexity="1" visitedClasses="0" numClasses="0" visitedMethods="0" numMethods="0" />
              <MetadataToken>100663340</MetadataToken>
              <Name>System.Void WbTstr.UnitTests.Commands.AssertStateExpCommandTests/&lt;&gt;c__DisplayClass4_0::.ctor()</Name>
              <SequencePoints />
              <BranchPoints />
              <MethodPoint vc="1" uspid="150" ordinal="0" offset="0" />
            </Method>
[...]
                <SequencePoint vc="0" uspid="2170" ordinal="2" offset="8" sl="14" sc="13" el="14" ec="72" bec="0" bev="0" fileid="139" />
                <SequencePoint vc="0" uspid="2171" ordinal="3" offset="30" sl="15" sc="9" el="15" ec="10" bec="0" bev="0" fileid="139" />
              </SequencePoints>
              <BranchPoints />
              <MethodPoint xsi:type="SequencePoint" vc="0" uspid="2168" ordinal="0" offset="0" sl="12" sc="9" el="12" ec="40" bec="0" bev="0" fileid="139" />
            </Method>
            <Method visited="false" cyclomaticComplexity="2" nPathComplexity="0" sequenceCoverage="0" branchCoverage="0" isConstructor="true" isStatic="false" isGetter="false" isSetter="false">
              <Summary numSequencePoints="4" visitedSequencePoints="0" numBranchPoints="1" visitedBranchPoints="0" sequenceCoverage="0" branchCoverage="0" maxCyclomaticComplexity="2" minCyclomaticComplexity="2" visitedClasses="0" numClasses="0" visitedMethods="0" numMethods="1" />
              <MetadataToken>100663478</MetadataToken>
              <Name>System.Void WbTstr.Commands.NavigateCommand::.ctor(System.String)</Name>
              <FileRef uid="139" />
              <SequencePoints>
                <SequencePoint vc="0" uspid="2174" ordinal="0" offset="0" sl="17" sc="9" el="17" ec="43" bec="0" bev="0" fileid="139" />
                <SequencePoint vc="0" uspid="2175" ordinal="1" offset="7" sl="18" sc="9" el="18" ec="10" bec="0" bev="0" fileid="139" />
                <SequencePoint vc="0" uspid="2176" ordinal="2" offset="8" sl="19" sc="13" el="19" ec="81" bec="0" bev="0" fileid="139" />
                <SequencePoint vc="0" uspid="2177" ordinal="3" offset="35" sl="20" sc="9" el="20" ec="10" bec="0" bev="0" fileid="139" />
              </SequencePoints>
              <BranchPoints />
              <MethodPoint xsi:type="SequencePoint" vc="0" uspid="2174" ordinal="0" offset="0" sl="17" sc="9" el="17" ec="43" bec="0" bev="0" fileid="139" />
            </Method>
            <Method visited="false" cyclomaticComplexity="2" nPathComplexity="2" sequenceCoverage="0" branchCoverage="0" isConstructor="false" isStatic="false" isGetter="false" isSetter="false">
              <Summary numSequencePoints="4" visitedSequencePoints="0" numBranchPoints="3" visitedBranchPoints="0" sequenceCoverage="0" branchCoverage="0" maxCyclomaticComplexity="2" minCyclomaticComplexity="2" visitedClasses="0" numClasses="0" visitedMethods="0" numMethods="1" />
              <MetadataToken>100663479</MetadataToken>
              <Name>System.Void WbTstr.Commands.NavigateCommand::Execute(System.Object)</Name>
              <FileRef uid="139" />
              <SequencePoints>
                <SequencePoint vc="0" uspid="2180" ordinal="0" offset="0" sl="25" sc="9" el="25" ec="10" bec="0" bev="0" fileid="139" />
                <SequencePoint vc="0" uspid="2181" ordinal="1" offset="1" sl="26" sc="13" el="26" ec="80" bec="0" bev="0" fileid="139" />
                <SequencePoint vc="0" uspid="2182" ordinal="2" offset="8" sl="28" sc="13" el="28" ec="49" bec="2" bev="0" fileid="139" />
                <SequencePoint vc="0" uspid="2183" ordinal="3" offset="31" sl="29" sc="9" el="29" ec="10" bec="0" bev="0" fileid="139" />
              </SequencePoints>
              <BranchPoints>
                <BranchPoint vc="0" uspid="2184" ordinal="0" offset="9" sl="28" path="0" offsetchain="11" offsetend="31" fileid="139" />
                <BranchPoint vc="0" uspid="2185" ordinal="1" offset="9" sl="28" path="1" offsetend="13" fileid="139" />
              </BranchPoints>
              <MethodPoint xsi:type="SequencePoint" vc="0" uspid="2180" ordinal="0" offset="0" sl="25" sc="9" el="25" ec="10" bec="0" bev="0" fileid="139" />
            </Method>
            <Method visited="false" cyclomaticComplexity="1" nPathComplexity="0" sequenceCoverage="0" branchCoverage="0" isConstructor="false" isStatic="false" isGetter="false" isSetter="false">
              <Summary numSequencePoints="3" visitedSequencePoints="0" numBranchPoints="1" visitedBranchPoints="0" sequenceCoverage="0" branchCoverage="0" maxCyclomaticComplexity="1" minCyclomaticComplexity="1" visitedClasses="0" numClasses="0" visitedMethods="0" numMethods="1" />
              <MetadataToken>100663480</MetadataToken>
              <Name>System.String WbTstr.Commands.NavigateCommand::ToString()</Name>
              <FileRef uid="139" />
              <SequencePoints>
                <SequencePoint vc="0" uspid="2186" ordinal="0" offset="0" sl="32" sc="9" el="32" ec="10" bec="0" bev="0" fileid="139" />
                <SequencePoint vc="0" uspid="2187" ordinal="1" offset="1" sl="33" sc="13" el="33" ec="42" bec="0" bev="0" fileid="139" />
                <SequencePoint vc="0" uspid="2188" ordinal="2" offset="20" sl="34" sc="9" el="34" ec="10" bec="0" bev="0" fileid="139" />
              </SequencePoints>
              <BranchPoints />
              <MethodPoint xsi:type="SequencePoint" vc="0" uspid="2186" ordinal="0" offset="0" sl="32" sc="9" el="32" ec="10" bec="0" bev="0" fileid="139" />
            </Method>
          </Methods>
        </Class>
        <Class>
          <Summary numSequencePoints="23" visitedSequencePoints="17" numBranchPoints="13" visitedBranchPoints="9" sequenceCoverage="73.91" branchCoverage="69.23" maxCyclomaticComplexity="5" minCyclomaticComplexity="1" visitedClasses="1" numClasses="1" visitedMethods="2" numMethods="3" />
          <FullName>WbTstr.Commands.AssertStateCommand</FullName>
          <Methods>
            <Method visited="true" cyclomaticComplexity="3" nPathComplexity="2" sequenceCoverage="100" branchCoverage="100" isConstructor="true" isStatic="false" isGetter="false" isSetter="false">
              <Summary numSequencePoints="5" visitedSequencePoints="5" numBranchPoints="3" visitedBranchPoints="3" sequenceCoverage="100" branchCoverage="100" maxCyclomaticComplexity="3" minCyclomaticComplexity="3" visitedClasses="0" numClasses="0" visitedMethods="1" numMethods="1" />
              <MetadataToken>100663481</MetadataToken>
              <Name>System.Void WbTstr.Commands.AssertStateCommand::.ctor(WbTstr.WebDrivers.Constants.PropertyKey,System.String)</Name>
              <FileRef uid="140" />
              <SequencePoints>
                <SequencePoint vc="14" uspid="2189" ordinal="0" offset="0" sl="14" sc="9" el="14" ec="65" bec="0" bev="0" fileid="140" />
                <SequencePoint vc="14" uspid="2190" ordinal="1" offset="7" sl="15" sc="9" el="15" ec="10" bec="0" bev="0" fileid="140" />
                <SequencePoint vc="14" uspid="2191" ordinal="2" offset="8" sl="16" sc="13" el="16" ec="93" bec="2" bev="2" fileid="140" />
                <SequencePoint vc="13" uspid="2192" ordinal="3" offset="29" sl="17" sc="13" el="17" ec="78" bec="0" bev="0" fileid="140" />
                <SequencePoint vc="12" uspid="2193" ordinal="4" offset="51" sl="18" sc="9" el="18" ec="10" bec="0" bev="0" fileid="140" />
              </SequencePoints>
              <BranchPoints>
                <BranchPoint vc="1" uspid="2194" ordinal="0" offset="10" sl="16" path="0" offsetend="12" fileid="140" />
                <BranchPoint vc="13" uspid="2195" ordinal="1" offset="10" sl="16" path="1" offsetend="23" fileid="140" />
              </BranchPoints>
              <MethodPoint xsi:type="SequencePoint" vc="14" uspid="2189" ordinal="0" offset="0" sl="14" sc="9" el="14" ec="65" bec="0" bev="0" fileid="140" />
            </Method>
            <Method visited="true" cyclomaticComplexity="5" nPathComplexity="16" sequenceCoverage="80" branchCoverage="66.67" isConstructor="false" isStatic="false" isGetter="false" isSetter="false">
              <Summary numSequencePoints="15" visitedSequencePoints="12" numBranchPoints="9" visitedBranchPoints="6" sequenceCoverage="80" branchCoverage="66.67" maxCyclomaticComplexity="5" minCyclomaticComplexity="5" visitedClasses="0" numClasses="0" visitedMethods="1" numMethods="1" />
              <MetadataToken>100663482</MetadataToken>
              <Name>System.Void WbTstr.Commands.AssertStateCommand::Execute(System.Object)</Name>
              <FileRef uid="140" />
              <SequencePoints>
                <SequencePoint vc="4" uspid="2198" ordinal="0" offset="0" sl="23" sc="9" el="23" ec="10" bec="0" bev="0" fileid="140" />
                <SequencePoint vc="4" uspid="2199" ordinal="1" offset="1" sl="24" sc="13" el="24" ec="80" bec="0" bev="0" fileid="140" />
                <SequencePoint vc="2" uspid="2200" ordinal="2" offset="8" sl="26" sc="13" el="26" ec="41" bec="2" bev="2" fileid="140" />
                <SequencePoint vc="1" uspid="2201" ordinal="3" offset="21" sl="27" sc="13" el="27" ec="14" bec="0" bev="0" fileid="140" />
                <SequencePoint vc="1" uspid="2202" ordinal="4" offset="22" sl="28" sc="17" el="28" ec="45" bec="2" bev="1" fileid="140" />
                <SequencePoint vc="1" uspid="2203" ordinal="5" offset="43" sl="29" sc="17" el="29" ec="18" bec="0" bev="0" fileid="140" />
                <SequencePoint vc="1" uspid="2204" ordinal="6" offset="44" sl="30" sc="21" el="30" ec="80" bec="0" bev="0" fileid="140" />
                <SequencePoint vc="0" uspid="2205" ordinal="7" offset="66" sl="32" sc="13" el="32" ec="14" bec="0" bev="0" fileid="140" />
                <SequencePoint vc="1" uspid="2206" ordinal="8" offset="67" sl="33" sc="13" el="33" ec="43" bec="2" bev="1" fileid="140" />
                <SequencePoint vc="1" uspid="2207" ordinal="9" offset="80" sl="34" sc="13" el="34" ec="14" bec="0" bev="0" fileid="140" />
                <SequencePoint vc="1" uspid="2208" ordinal="10" offset="81" sl="35" sc="17" el="35" ec="47" bec="2" bev="1" fileid="140" />
                <SequencePoint vc="1" uspid="2209" ordinal="11" offset="104" sl="36" sc="17" el="36" ec="18" bec="0" bev="0" fileid="140" />
                <SequencePoint vc="1" uspid="2210" ordinal="12" offset="105" sl="37" sc="21" el="37" ec="82" bec="0" bev="0" fileid="140" />
                <SequencePoint vc="0" uspid="2211" ordinal="13" offset="127" sl="39" sc="13" el="39" ec="14" bec="0" bev="0" fileid="140" />
                <SequencePoint vc="0" uspid="2212" ordinal="14" offset="128" sl="40" sc="9" el="40" ec="10" bec="0" bev="0" fileid="140" />
              </SequencePoints>
              <BranchPoints>
                <BranchPoint vc="1" uspid="2213" ordinal="0" offset="19" sl="26" path="0" offsetend="21" fileid="140" />
                <BranchPoint vc="1" uspid="2214" ordinal="1" offset="19" sl="26" path="1" offsetend="67" fileid="140" />
                <BranchPoint vc="1" uspid="2215" ordinal="2" offset="41" sl="28" path="0" offsetend="43" fileid="140" />
                <BranchPoint vc="0" uspid="2216" ordinal="3" offset="41" sl="28" path="1" offsetend="66" fileid="140" />
                <BranchPoint vc="1" uspid="2217" ordinal="4" offset="78" sl="33" path="0" offsetend="80" fileid="140" />
                <BranchPoint vc="0" uspid="2218" ordinal="5" offset="78" sl="33" path="1" offsetend="128" fileid="140" />
                <BranchPoint vc="1" uspid="2219" ordinal="6" offset="102" sl="35" path="0" offsetend="104" fileid="140" />
                <BranchPoint vc="0" uspid="2220" ordinal="7" offset="102" sl="35" path="1" offsetend="127" fileid="140" />
              </BranchPoints>
              <MethodPoint xsi:type="SequencePoint" vc="4" uspid="2198" ordinal="0" offset="0" sl="23" sc="9" el="23" ec="10" bec="0" bev="0" fileid="140" />
            </Method>
            <Method visited="false" cyclomaticComplexity="1" nPathComplexity="0" sequenceCoverage="0" branchCoverage="0" isConstructor="false" isStatic="false" isGetter="false" isSetter="false">
              <Summary numSequencePoints="3" visitedSequencePoints="0" numBranchPoints="1" visitedBranchPoints="0" sequenceCoverage="0" branchCoverage="0" maxCyclomaticComplexity="1" minCyclomaticComplexity="1" visitedClasses="0" numClasses="0" visitedMethods="0" numMethods="1" />
              <MetadataToken>100663483</MetadataToken>
              <Name>System.String WbTstr.Commands.AssertStateCommand::ToString()</Name>
              <FileRef uid="140" />
              <SequencePoints>
                <SequencePoint vc="0" uspid="2221" ordinal="0" offset="0" sl="43" sc="9" el="43" ec="10" bec="0" bev="0" fileid="140" />
                <SequencePoint vc="0" uspid="2222" ordinal="1" offset="1" sl="44" sc="13" el="44" ec="88" bec="0" bev="0" fileid="140" />
                <SequencePoint vc="0" uspid="2223" ordinal="2" offset="52" sl="45" sc="9" el="45" ec="10" bec="0" bev="0" fileid="140" />
              </SequencePoints>
              <BranchPoints />
              <MethodPoint xsi:type="SequencePoint" vc="0" uspid="2221" ordinal="0" offset="0" sl="43" sc="9" el="43" ec="10" bec="0" bev="0" fileid="140" />
            </Method>
          </Methods>
        </Class>
      </Classes>
    </Module>
    <Module skippedDueTo="Filter" hash="1A-0D-72-44-61-32-2D-54-98-83-81-C0-BD-43-07-DA-2F-35-5E-35">
      <ModulePath>C:\Windows\Microsoft.Net\assembly\GAC_MSIL\System.Xml\v4.0_4.0.0.0__b77a5c561934e089\System.Xml.dll</ModulePath>
      <ModuleTime>2016-11-30T06:34:16Z</ModuleTime>
      <ModuleName>System.Xml</ModuleName>
      <Classes />
    </Module>
    <Module skippedDueTo="Filter" hash="1A-0D-72-44-61-32-2D-54-98-83-81-C0-BD-43-07-DA-2F-35-5E-35">
      <ModulePath>C:\Windows\Microsoft.Net\assembly\GAC_MSIL\System.Xml\v4.0_4.0.0.0__b77a5c561934e089\System.Xml.dll</ModulePath>
      <ModuleTime>2016-11-30T06:34:16Z</ModuleTime>
      <ModuleName>System.Xml</ModuleName>
      <Classes />
    </Module>
    <Module skippedDueTo="Filter" hash="CE-2E-9F-DB-7C-30-17-01-52-A4-44-95-A6-C6-47-BE-03-DB-72-FC">
      <ModulePath>C:\Projects\WbTstr\wbtstr\Source\WbTstr.IntegrationTests\bin\Debug\WebDriver.dll</ModulePath>
      <ModuleTime>2017-03-07T09:48:08Z</ModuleTime>
      <ModuleName>WebDriver</ModuleName>
      <Classes />
    </Module>
    <Module skippedDueTo="Filter" hash="E6-43-68-4E-1F-39-56-94-26-B3-14-DF-37-27-49-5B-21-24-D7-42">
      <ModulePath>C:\Windows\Microsoft.Net\assembly\GAC_MSIL\System.Configuration\v4.0_4.0.0.0__b03f5f7f11d50a3a\System.Configuration.dll</ModulePath>
      <ModuleTime>2016-11-30T06:34:16Z</ModuleTime>
      <ModuleName>System.Configuration</ModuleName>
      <Classes />
    </Module>
    <Module skippedDueTo="Filter" hash="CE-2E-9F-DB-7C-30-17-01-52-A4-44-95-A6-C6-47-BE-03-DB-72-FC">
      <ModulePath>C:\Projects\WbTstr\wbtstr\Source\WbTstr.UnitTests\bin\Debug\WebDriver.dll</ModulePath>
      <ModuleTime>2017-03-07T09:48:08Z</ModuleTime>
      <ModuleName>WebDriver</ModuleName>
      <Classes />
    </Module>
    <Module skippedDueTo="Filter" hash="8D-AA-B9-FA-78-B8-A1-26-DA-A1-1C-F5-C6-B8-7A-DD-2C-EF-92-73">
      <ModulePath>C:\Projects\WbTstr\wbtstr\Source\WbTstr.UnitTests\bin\Debug\NSubstitute.dll</ModulePath>
      <ModuleTime>2017-02-28T09:24:48Z</ModuleTime>
      <ModuleName>NSubstitute</ModuleName>
      <Classes />
    </Module>
    <Module skippedDueTo="Filter" hash="A1-3B-DF-CA-2D-1F-64-FA-C1-4B-69-F2-EA-E4-CC-E5-AA-6A-8B-94">
      <ModulePath>C:\Windows\Microsoft.Net\assembly\GAC_MSIL\System.ServiceModel\v4.0_4.0.0.0__b77a5c561934e089\System.ServiceModel.dll</ModulePath>
      <ModuleTime>2016-11-30T06:34:16Z</ModuleTime>
      <ModuleName>System.ServiceModel</ModuleName>
      <Classes />
    </Module>
    <Module skippedDueTo="Filter" hash="E6-43-68-4E-1F-39-56-94-26-B3-14-DF-37-27-49-5B-21-24-D7-42">
      <ModulePath>C:\Windows\Microsoft.Net\assembly\GAC_MSIL\System.Configuration\v4.0_4.0.0.0__b03f5f7f11d50a3a\System.Configuration.dll</ModulePath>
      <ModuleTime>2016-11-30T06:34:16Z</ModuleTime>
      <ModuleName>System.Configuration</ModuleName>
      <Classes />
    </Module>
    <Module skippedDueTo="Filter" hash="20-6D-69-B6-24-2B-2D-93-90-DA-61-A0-E5-43-AA-AC-C4-BF-6B-4F">
      <ModulePath>C:\Windows\Microsoft.Net\assembly\GAC_MSIL\System.Drawing\v4.0_4.0.0.0__b03f5f7f11d50a3a\System.Drawing.dll</ModulePath>
      <ModuleTime>2016-11-30T06:34:16Z</ModuleTime>
      <ModuleName>System.Drawing</ModuleName>
      <Classes />
    </Module>
    <Module skippedDueTo="Filter" hash="">
      <ModulePath>RefEmit_InMemoryManifestModule</ModulePath>
      <ModuleTime>0001-01-01T00:00:00</ModuleTime>
      <ModuleName>DynamicProxyGenAssembly2</ModuleName>
      <Classes />
    </Module>
    <Module skippedDueTo="Filter" hash="">
      <ModulePath>RefEmit_InMemoryManifestModule</ModulePath>
      <ModuleTime>0001-01-01T00:00:00</ModuleTime>
      <ModuleName>DynamicProxyGenAssembly2</ModuleName>
      <Classes />
    </Module>
    <Module skippedDueTo="Filter" hash="">
      <ModulePath>RefEmit_InMemoryManifestModule</ModulePath>
      <ModuleTime>0001-01-01T00:00:00</ModuleTime>
      <ModuleName>Anonymously Hosted DynamicMethods Assembly</ModuleName>
      <Classes />
    </Module>
    <Module skippedDueTo="Filter" hash="32-D9-DF-2C-29-8A-18-FB-40-A4-6E-59-47-D2-1A-75-A6-CE-21-F9">
      <ModulePath>C:\Windows\Microsoft.Net\assembly\GAC_MSIL\System.Numerics\v4.0_4.0.0.0__b77a5c561934e089\System.Numerics.dll</ModulePath>
      <ModuleTime>2016-11-30T06:34:16Z</ModuleTime>
      <ModuleName>System.Numerics</ModuleName>
      <Classes />
    </Module>
    <Module skippedDueTo="Filter" hash="AD-6E-E7-8E-4E-EA-34-3A-18-CF-63-86-C2-67-1D-44-96-32-F2-73">
      <ModulePath>C:\Windows\Microsoft.Net\assembly\GAC_MSIL\System.ComponentModel.DataAnnotations\v4.0_4.0.0.0__31bf3856ad364e35\System.ComponentModel.DataAnnotations.dll</ModulePath>
      <ModuleTime>2016-11-30T06:34:16Z</ModuleTime>
      <ModuleName>System.ComponentModel.DataAnnotations</ModuleName>
      <Classes />
    </Module>
    <Module skippedDueTo="Filter" hash="74-32-13-3E-D7-F2-F9-81-14-26-C5-50-D2-D1-61-C7-4E-3F-49-C1">
      <ModulePath>C:\Windows\Microsoft.Net\assembly\GAC_MSIL\System.Runtime.Serialization\v4.0_4.0.0.0__b77a5c561934e089\System.Runtime.Serialization.dll</ModulePath>
      <ModuleTime>2016-11-30T06:34:16Z</ModuleTime>
      <ModuleName>System.Runtime.Serialization</ModuleName>
      <Classes />
    </Module>
    <Module skippedDueTo="Filter" hash="DF-4A-DE-40-BE-24-D6-36-12-5C-3E-21-0D-59-5D-93-07-87-C1-6D">
      <ModulePath>C:\Windows\Microsoft.Net\assembly\GAC_MSIL\System.Xml.Linq\v4.0_4.0.0.0__b77a5c561934e089\System.Xml.Linq.dll</ModulePath>
      <ModuleTime>2013-08-10T00:55:49.3051911Z</ModuleTime>
      <ModuleName>System.Xml.Linq</ModuleName>
      <Classes />
    </Module>
    <Module skippedDueTo="Filter" hash="56-B8-4B-40-EF-80-27-FA-29-40-35-90-06-39-87-FC-49-A4-25-34">
      <ModulePath>C:\Windows\Microsoft.Net\assembly\GAC_64\System.Data\v4.0_4.0.0.0__b77a5c561934e089\System.Data.dll</ModulePath>
      <ModuleTime>2016-11-30T06:27:46.5894255Z</ModuleTime>
      <ModuleName>System.Data</ModuleName>
      <Classes />
    </Module>
    <Module skippedDueTo="Filter" hash="20-6D-69-B6-24-2B-2D-93-90-DA-61-A0-E5-43-AA-AC-C4-BF-6B-4F">
      <ModulePath>C:\Windows\Microsoft.Net\assembly\GAC_MSIL\System.Drawing\v4.0_4.0.0.0__b03f5f7f11d50a3a\System.Drawing.dll</ModulePath>
      <ModuleTime>2016-11-30T06:34:16Z</ModuleTime>
      <ModuleName>System.Drawing</ModuleName>
      <Classes />
    </Module>
    <Module skippedDueTo="Filter" hash="53-CF-3E-C0-42-B6-E8-4D-7A-BB-AB-C1-A4-CE-23-53-67-24-0D-67">
      <ModulePath>C:\Projects\WbTstr\wbtstr\Source\WbTstr.IntegrationTests\bin\Debug\WebDriver.Support.dll</ModulePath>
      <ModuleTime>2017-03-07T09:48:28Z</ModuleTime>
      <ModuleName>WebDriver.Support</ModuleName>
      <Classes />
    </Module>
    <Module skippedDueTo="Filter" hash="">
      <ModulePath>RefEmit_InMemoryManifestModule</ModulePath>
      <ModuleTime>0001-01-01T00:00:00</ModuleTime>
      <ModuleName>Anonymously Hosted DynamicMethods Assembly</ModuleName>
      <Classes />
    </Module>
  </Modules>
</CoverageSession>